2025-08-02 14:49:08,417 - application.steam_service - INFO - FreeGamesNowUseCase: Execute len(data)=None
2025-08-02 14:51:44,633 - application.users_service - DEBUG - Steam Appid From Use Case,<src.infrastructure.db.models.user_models.Users object at 0x00000243A038B440>
2025-08-02 14:52:09,620 - application.steam_service - INFO - FreeGamesNowUseCase: Execute len(data)=None
2025-08-02 15:27:53,362 - application.users_service - DEBUG - Steam Appid From Use Case,<src.infrastructure.db.models.user_models.Users object at 0x0000020016C324E0>
2025-08-02 15:43:22,061 - application.steam_service - INFO - FreeGamesNowUseCase: Execute len(data)=[{'name': 'Barro GT', 'steam_appid': 1990740, 'final_formatted_price': 'Безкоштовно', 'discount': 100, 'short_description': "Barro's new gen!", 'img_url': 'https://shared.akamai.steamstatic.com/store_item_assets/steam/apps/1990740/capsule_231x87.jpg?t=1752000284', 'game_ganre': [{'ganres_id': 4, 'ganres_name': 'Казуальні ігри'}, {'ganres_id': 23, 'ganres_name': 'Інді'}, {'ganres_id': 9, 'ganres_name': 'Перегони'}]}, {'name': 'DRACOMATON', 'steam_appid': 2457890, 'final_formatted_price': 'Безкоштовно', 'discount': 100, 'short_description': 'Dracomaton is a top-down roguelike bullet hell about Eclipse, a small robot who awakens in an abandoned factory filled with corrupted training bots and the secrets of cosmic dragons. Fight your way to the top of the tower by transforming your robot body, changing your entire arsenal on the fly!', 'img_url': 'https://shared.akamai.steamstatic.com/store_item_assets/steam/apps/2457890/capsule_231x87.jpg?t=1748456623', 'game_ganre': [{'ganres_id': 1, 'ganres_name': 'Бойовики'}, {'ganres_id': 23, 'ganres_name': 'Інді'}]}]
2025-08-02 15:55:45,300 - application.steam_service - DEBUG - Steam Appid From Use Case,<src.infrastructure.db.models.user_models.Users object at 0x0000020016C8E9C0>
2025-08-02 15:55:45,300 - application.steam_service - INFO - Steam Appid From Steam Service,76561199028668211
2025-08-02 15:55:45,300 - application.steam_service - INFO - Steam Appid From Steam Service,76561199028668211
2025-08-03 13:05:35,692 - application.steam_service - INFO - FreeGamesNowUseCase: Execute len(data)=None
2025-08-03 13:07:08,886 - application.steam_service - DEBUG - Steam Appid From Use Case,<src.infrastructure.db.models.user_models.Users object at 0x000001DA0977B050>
2025-08-03 13:07:08,887 - application.steam_service - INFO - Steam Appid From Steam Service,76561199028668211
2025-08-03 13:07:08,887 - application.steam_service - INFO - Steam Appid From Steam Service,76561199028668211
2025-08-03 13:07:43,824 - application.steam_service - INFO - FreeGamesNowUseCase: Execute len(data)=None
2025-08-03 13:07:58,546 - application.steam_service - INFO - FreeGamesNowUseCase: Execute len(data)=None
2025-08-03 13:08:34,945 - application.player_service - DEBUG - Steam Appid From Use Case,<src.infrastructure.db.models.user_models.Users object at 0x000001DA0970ADE0>
2025-08-03 13:08:39,222 - application.player_service - INFO - GetPlayerRatingUseCase: user=76561199028668211
2025-08-03 13:08:39,223 - application.player_service - DEBUG - GetPlayerRatingUseCase: user=76561199028668211, Data:steam_appid=76561199028668211 user_rating=2368 personaname='floyse{fake}' player_level=7 player_xp=740 player_xp_needed_to_level_up=60 timecreated=datetime.date(2020, 2, 21) timelive='5р. 164д. 16г. 44хв.' friends_count=21 badges_count=6 lastlogoff=datetime.date(2025, 8, 2) playtime='86д. 09г. 05хв.' allow_games=True allow_friends=True allow_badges=True
2025-08-03 13:16:24,499 - application.steam_service - INFO - FreeGamesNowUseCase: Execute len(data)=None
2025-08-03 13:18:30,736 - application.steam_service - INFO - FreeGamesNowUseCase: Execute len(data)=[{'name': 'Barro GT', 'steam_appid': 1990740, 'final_formatted_price': 'Безкоштовно', 'discount': 100, 'short_description': "Barro's new gen!", 'img_url': 'https://shared.akamai.steamstatic.com/store_item_assets/steam/apps/1990740/capsule_231x87.jpg?t=1752000284', 'game_ganre': [{'ganres_id': 4, 'ganres_name': 'Казуальні ігри'}, {'ganres_id': 23, 'ganres_name': 'Інді'}, {'ganres_id': 9, 'ganres_name': 'Перегони'}]}, {'name': 'DRACOMATON', 'steam_appid': 2457890, 'final_formatted_price': 'Безкоштовно', 'discount': 100, 'short_description': 'Dracomaton is a top-down roguelike bullet hell about Eclipse, a small robot who awakens in an abandoned factory filled with corrupted training bots and the secrets of cosmic dragons. Fight your way to the top of the tower by transforming your robot body, changing your entire arsenal on the fly!', 'img_url': 'https://shared.akamai.steamstatic.com/store_item_assets/steam/apps/2457890/capsule_231x87.jpg?t=1748456623', 'game_ganre': [{'ganres_id': 1, 'ganres_name': 'Бойовики'}, {'ganres_id': 23, 'ganres_name': 'Інді'}]}]
2025-08-03 14:00:58,033 - application.steam_service - DEBUG - Steam Appid From Use Case,<src.infrastructure.db.models.user_models.Users object at 0x0000024B5E5B6270>
2025-08-03 14:00:58,033 - application.steam_service - INFO - Steam Appid From Steam Service,76561199028668211
2025-08-03 14:00:58,034 - application.steam_service - INFO - Steam Appid From Steam Service,76561199028668211
2025-08-03 14:03:53,523 - application.steam_service - DEBUG - Steam Appid From Use Case,<src.infrastructure.db.models.user_models.Users object at 0x0000024B5E66D310>
2025-08-03 14:03:53,523 - application.steam_service - INFO - Steam Appid From Steam Service,76561199028668211
2025-08-03 14:03:53,523 - application.steam_service - INFO - Steam Appid From Steam Service,76561199028668211
2025-08-03 14:38:44,409 - application.users_service - DEBUG - Steam Appid From Use Case,<src.infrastructure.db.models.user_models.Users object at 0x0000024B5E6C4D40>
2025-08-03 14:38:49,785 - application.player_service - DEBUG - Steam Appid From Use Case,<src.infrastructure.db.models.user_models.Users object at 0x0000024B5E6C7590>
