2025-08-02 14:40:23,952 - api.startup - INFO - Init subscribe types
2025-08-02 14:40:24,046 - api.startup - INFO - Init subscribe types done
2025-08-02 14:40:24,244 - api.main - INFO - Start Telegram Bot...
2025-08-02 15:11:53,772 - api.startup - INFO - Init subscribe types
2025-08-02 15:11:53,847 - api.startup - INFO - Init subscribe types done
2025-08-02 15:11:54,002 - api.main - INFO - Start Telegram Bot...
2025-08-02 15:14:33,951 - api.startup - INFO - Init subscribe types
2025-08-02 15:14:34,024 - api.startup - INFO - Init subscribe types done
2025-08-02 15:14:34,176 - api.main - INFO - Start Telegram Bot...
2025-08-02 15:27:51,356 - api.main_handler - DEBUG - Start_handler: Steam Appid From Steam Service,5366078830
2025-08-02 15:27:51,356 - api.main_handler - DEBUG - Start_handler: Chat ID 5366078830
2025-08-02 15:27:51,356 - api.main_handler - INFO - Start_handler: Chat ID 5366078830
2025-08-02 15:45:39,800 - api.player_callback - DEBUG - Response: 
1.<b><a href='https://store.steampowered.com/app/638510/'>dotAGE</a></b>
Ціна гри: 281₴
2.<b><a href='https://store.steampowered.com/app/1046930/'>Dota Underlords</a></b>
Ціна гри: Free
2025-08-02 15:45:39,801 - api.player_callback - DEBUG - Handler {
1.<b><a href='https://store.steampowered.com/app/638510/'>dotAGE</a></b>
Ціна гри: 281₴
2.<b><a href='https://store.steampowered.com/app/1046930/'>Dota Underlords</a></b>
Ціна гри: Free}
2025-08-02 15:45:39,894 - api.player_callback - CRITICAL - Chat ID 5366078830,message 5519 Error Info:Bad Request: message to delete not found
2025-08-02 15:55:45,300 - api.steam_callback - DEBUG - Steam Appid From Steam Service,8082953690
2025-08-02 15:55:45,300 - api.steam_callback - DEBUG - steam_appid: 76561199028668211
2025-08-02 15:55:54,574 - api.player_callback - DEBUG - Handler {🥺 Нажаль, гру не знайдено...}
2025-08-02 15:56:05,787 - api.player_callback - DEBUG - Handler {🎪 <b><a href='https://store.steampowered.com/app/638510/'>dotAGE</a></b> - 💵 281₴ - (25)
<b><i>Village elder, help us! The Apocalypse is approaching, and we need your guidance to survive. Assign your workers and build a thriving village against the pending doom. DotAGE is the merciless survival roguelite turn-based city builder. Will you fulfill the Prophecy?</i></b>
✅ <b>Ganres: 🎮Інді 🎮Симулятори 🎮Стратегії </b>

🎮 <b><a href='https://store.steampowered.com/app/1046930/'>Dota Underlords</a></b> - 🆓 Free
<b><i>Збирайте армію і знищуйте супротивників у новій стратегії всесвіту Dota. У першому сезоні досліджуйте Білий Шпиль і заробляйте нагороди в бойовій перепустці. Обирайте з-поміж різних режимів, грайте самостійно чи з друзями, користуйтеся перевагами міжплатформної гри.</i></b>
✅ <b>Ganres: 🎮Вільний доступ 🎮Казуальні ігри 🎮Стратегії </b>

}
2025-08-02 15:56:23,593 - api.player_callback - DEBUG - Handler {🎪 <b><a href='https://store.steampowered.com/app/638510/'>dotAGE</a></b> - 💵 281₴ - (25)
<b><i>Village elder, help us! The Apocalypse is approaching, and we need your guidance to survive. Assign your workers and build a thriving village against the pending doom. DotAGE is the merciless survival roguelite turn-based city builder. Will you fulfill the Prophecy?</i></b>
✅ <b>Ganres: 🎮Інді 🎮Симулятори 🎮Стратегії </b>

👻 <b><a href='https://store.steampowered.com/app/1046930/'>Dota Underlords</a></b> - 🆓 Free
<b><i>Збирайте армію і знищуйте супротивників у новій стратегії всесвіту Dota. У першому сезоні досліджуйте Білий Шпиль і заробляйте нагороди в бойовій перепустці. Обирайте з-поміж різних режимів, грайте самостійно чи з друзями, користуйтеся перевагами міжплатформної гри.</i></b>
✅ <b>Ganres: 🎮Вільний доступ 🎮Казуальні ігри 🎮Стратегії </b>

}
2025-08-02 15:56:33,321 - api.player_callback - DEBUG - Response: 
1.<b><a href='https://store.steampowered.com/app/638510/'>dotAGE</a></b>
Ціна гри: 281₴
2.<b><a href='https://store.steampowered.com/app/1046930/'>Dota Underlords</a></b>
Ціна гри: Free
2025-08-02 15:56:33,321 - api.player_callback - DEBUG - Handler {
1.<b><a href='https://store.steampowered.com/app/638510/'>dotAGE</a></b>
Ціна гри: 281₴
2.<b><a href='https://store.steampowered.com/app/1046930/'>Dota Underlords</a></b>
Ціна гри: Free}
2025-08-02 15:56:33,386 - api.player_callback - CRITICAL - Chat ID 5366078830,message 5534 Error Info:Bad Request: message to delete not found
2025-08-02 15:57:49,987 - api.startup - INFO - Init subscribe types
2025-08-02 15:57:50,058 - api.startup - INFO - Init subscribe types done
2025-08-02 15:57:50,452 - api.main - INFO - Start Telegram Bot...
2025-08-02 15:58:23,595 - api.player_callback - DEBUG - Response: 
1.<b><a href='https://store.steampowered.com/app/638510/'>dotAGE</a></b>
Ціна гри: 281₴
2.<b><a href='https://store.steampowered.com/app/1046930/'>Dota Underlords</a></b>
Ціна гри: Free
2025-08-02 15:58:23,595 - api.player_callback - DEBUG - Handler {
1.<b><a href='https://store.steampowered.com/app/638510/'>dotAGE</a></b>
Ціна гри: 281₴
2.<b><a href='https://store.steampowered.com/app/1046930/'>Dota Underlords</a></b>
Ціна гри: Free}
2025-08-02 16:20:41,590 - api.startup - INFO - Init subscribe types
2025-08-02 16:20:41,661 - api.startup - INFO - Init subscribe types done
2025-08-02 16:20:41,857 - api.main - INFO - Start Telegram Bot...
2025-08-03 12:56:54,983 - api.startup - INFO - Init subscribe types
2025-08-03 12:56:55,096 - api.startup - INFO - Init subscribe types done
2025-08-03 12:56:55,263 - api.main - INFO - Start Telegram Bot...
2025-08-03 12:57:21,613 - api.startup - INFO - Init subscribe types
2025-08-03 12:57:21,833 - api.startup - INFO - Init subscribe types done
2025-08-03 12:57:22,008 - api.main - INFO - Start Telegram Bot...
2025-08-03 13:04:48,258 - api.startup - INFO - Init subscribe types
2025-08-03 13:04:48,371 - api.startup - INFO - Init subscribe types done
2025-08-03 13:04:48,605 - api.main - INFO - Start Telegram Bot...
2025-08-03 13:07:08,887 - api.steam_callback - DEBUG - Steam Appid From Steam Service,8082953690
2025-08-03 13:07:08,887 - api.steam_callback - DEBUG - steam_appid: 76561199028668211
2025-08-03 13:07:11,222 - api.steam_callback - DEBUG - Discount Params discount_for_you 76561199028668211 1
2025-08-03 13:08:34,941 - api.player_callback - DEBUG - Callback_query player_rating
2025-08-03 13:08:34,946 - api.player_callback - INFO - Steam appid: 76561199028668211
2025-08-03 13:08:36,184 - api.player_callback - DEBUG - Callback_query player_rating:76561199028668211:
2025-08-03 13:15:19,148 - api.startup - INFO - Init subscribe types
2025-08-03 13:15:19,360 - api.startup - INFO - Init subscribe types done
2025-08-03 13:15:19,880 - api.main - INFO - Start Telegram Bot...
2025-08-03 14:00:58,034 - api.steam_callback - DEBUG - Steam Appid From Steam Service,8082953690
2025-08-03 14:00:58,034 - api.steam_callback - DEBUG - steam_appid: 76561199028668211
2025-08-03 14:00:59,647 - api.steam_callback - DEBUG - Discount Params discount_for_you 76561199028668211 1
2025-08-03 14:01:03,258 - api.steam_callback - INFO - Steam Data [{'steam_appid': 1592110, 'name': 'Spirit of the Island', 'final_formatted_price': '53₴', 'total': 3671, 'discount': 80, 'short_description': 'A beautiful Life Sim Sandbox RPG with Cross-Platform Online COOP set on a tropical Archipelago. Build your farm, grow crops and animals, craft various items, cook dishes, gather resources, build shops and museum to attract visitors, and turn a desolate Island into a prosperous tourist destination!', 'recomendations': 1106, 'metacritic': '-1'}, {'steam_appid': 610380, 'name': 'Ratty Catty', 'final_formatted_price': '97₴', 'total': 2814, 'discount': 70, 'short_description': 'Ratty Catty is a Multiplayer / CO-OP hide &amp; seek game about the adventures of a domestic cat Catty and hazel dormouse Ratty, who eats the foods in the house, feeds its babies, and lives in a small rat nest.', 'recomendations': 1149, 'metacritic': '-1'}, {'steam_appid': 440900, 'name': 'Conan Exiles', 'final_formatted_price': '143₴', 'total': 2806, 'discount': 70, 'short_description': 'An online multiplayer survival game, now with sorcery, set in the lands of Conan the Barbarian. Survive in a vast open world sandbox, build your home into a kingdom, and dominate your enemies in single or multiplayer.', 'recomendations': 73106, 'metacritic': '-1'}, {'steam_appid': 976900, 'name': 'Lumberhill', 'final_formatted_price': '65₴', 'total': 2790, 'discount': 80, 'short_description': 'A crazy multiplayer party game in which lumberjacks try to complete tasks with nature fighting them every step of the way. Race against the clock, fight wildfires, pirates, and extremely annoying monkeys as you travel around the world and through time. Play online/local co-op and pvp or play solo.', 'recomendations': 151, 'metacritic': '62'}, {'steam_appid': 1297030, 'name': 'Sycamore', 'final_formatted_price': '37₴', 'total': 2761, 'discount': 75, 'short_description': 'Find the hidden levels, collect all the coins, or play with friends in Sycamore, a 3D platformer under development based around quick, fast-paced movement where you will race to the end of a level and compete in leaderboard times with players from around the world.', 'recomendations': 0, 'metacritic': '-1'}]
2025-08-03 14:01:07,323 - api.steam_callback - DEBUG - Discount Params discount_for_you 76561199028668211 2
2025-08-03 14:01:07,957 - api.steam_callback - INFO - Steam Data [{'steam_appid': 787040, 'name': 'Perfect Heist', 'final_formatted_price': '24₴', 'total': 2593, 'discount': 76, 'short_description': 'Perfect Heist is a round-based online game, where the robber team tries to execute a bank robbery without getting noticed, and the cop team tries to prevent it. Robbers hide in plain sight and try to slowly infiltrate the bank while the Cops try to figure out who is a normal customer, and who is a robber!', 'recomendations': 386, 'metacritic': '-1'}, {'steam_appid': 1151090, 'name': 'Easter Egg', 'final_formatted_price': '85₴', 'total': 2440, 'discount': 70, 'short_description': 'Easter Egg is a multiplayer online arcade-style capture the flag game about the adventures of squirrel and rabbit who are living peacefully in the Easter forest.', 'recomendations': 0, 'metacritic': '-1'}, {'steam_appid': 1264730, 'name': 'Total Arcade Racing', 'final_formatted_price': '67₴', 'total': 2307, 'discount': 70, 'short_description': "Total Arcade Racing is a fun 2D top-down arcade racing game where you zip around closed circuits. Play solo or with up to 8 friends on the same screen in various game modes.\u200b This game is a tribute to old school arcade racing games like Super Sprint, Slicks 'n' Slide and Super Cars.", 'recomendations': 0, 'metacritic': '-1'}, {'steam_appid': 1949140, 'name': 'Rule The World CHESS', 'final_formatted_price': '67₴', 'total': 2275, 'discount': 70, 'short_description': 'Rule the world with your army! Defeat Demons kingdom as well as Humans Kingdom! Use your magic and weapons to conquer the world! Experience chess in 3D fights with a lot of customizations! Create your own army!', 'recomendations': 0, 'metacritic': '-1'}, {'steam_appid': 1062830, 'name': 'Embr', 'final_formatted_price': '55₴', 'total': 2254, 'discount': 80, 'short_description': 'Fight fires for fun and profit in this unpredictable and frantic multiplayer game. Team up with friends, take on daily challenges and climb to the top of the corporate firefighting ladder. More than one way to become a hero!', 'recomendations': 1249, 'metacritic': '72'}]
2025-08-03 14:03:53,524 - api.steam_callback - DEBUG - Steam Appid From Steam Service,8082953690
2025-08-03 14:03:53,524 - api.steam_callback - DEBUG - steam_appid: 76561199028668211
2025-08-03 14:03:55,371 - api.steam_callback - DEBUG - Discount Params discount_for_you 76561199028668211 1
2025-08-03 14:03:56,446 - api.steam_callback - INFO - Steam Data [{'steam_appid': 440900, 'name': 'Conan Exiles', 'final_formatted_price': '143₴', 'total': 2806, 'discount': 70, 'short_description': 'An online multiplayer survival game, now with sorcery, set in the lands of Conan the Barbarian. Survive in a vast open world sandbox, build your home into a kingdom, and dominate your enemies in single or multiplayer.', 'recomendations': 73106, 'metacritic': '-1'}, {'steam_appid': 814370, 'name': 'Monster Sanctuary', 'final_formatted_price': '149₴', 'total': 2225, 'discount': 75, 'short_description': 'Monster taming meets metroidvania. Collect, train and battle monsters in a lovely side-scroller pixel world.', 'recomendations': 9573, 'metacritic': '81'}, {'steam_appid': 35720, 'name': 'Trine 2: Complete Story', 'final_formatted_price': '55₴', 'total': 2223, 'discount': 80, 'short_description': 'Three Heroes make their way through dangers untold in a fairytale world, featuring physics-based puzzles, beautiful sights and online co-op.', 'recomendations': 15030, 'metacritic': '84'}, {'steam_appid': 35700, 'name': 'Trine Enchanted Edition', 'final_formatted_price': '45₴', 'total': 2118, 'discount': 80, 'short_description': 'Three Heroes make their way through dangers untold in a fairytale world of great castles and strange machinery, featuring physics-based puzzles, beautiful sights and online co-op.', 'recomendations': 12405, 'metacritic': '80'}, {'steam_appid': 728880, 'name': 'Overcooked! 2', 'final_formatted_price': '157₴', 'total': 2058, 'discount': 80, 'short_description': 'Overcooked returns with a brand-new helping of chaotic cooking action! Journey back to the Onion Kingdom and assemble your team of chefs in classic couch co-op or online play for up to four players. Hold onto your aprons… it’s time to save the world again!', 'recomendations': 54200, 'metacritic': '81'}]
2025-08-03 14:04:44,316 - api.steam_callback - DEBUG - Discount Params discount_for_you 76561199028668211 2
2025-08-03 14:04:45,042 - api.steam_callback - INFO - Steam Data [{'steam_appid': 761830, 'name': 'Mr. Prepper', 'final_formatted_price': '95₴', 'total': 1851, 'discount': 77, 'short_description': "Mr. Prepper is about being prepared. You know something is wrong. The risk of a nuclear war is in the air and you need to get ready for what's coming.", 'recomendations': 4372, 'metacritic': '-1'}, {'steam_appid': 690640, 'name': 'Trine 4: The Nightmare Prince', 'final_formatted_price': '75₴', 'total': 1800, 'discount': 80, 'short_description': 'The best-selling Trine series returns to the magic of 2.5D! Join three iconic heroes as they set off on a quest through fantastical fairytale landscapes to save the world from the Nightmare Prince’s shadows.', 'recomendations': 11094, 'metacritic': '81'}, {'steam_appid': 91700, 'name': 'E.Y.E: Divine Cybermancy', 'final_formatted_price': '56₴', 'total': 1789, 'discount': 75, 'short_description': 'In a dark Cyberpunk world, you (and up to 3 friends) wage war against the all-powerful Federation in this Source-powered FPS/RPG.', 'recomendations': 6077, 'metacritic': '-1'}, {'steam_appid': 1522820, 'name': 'Orcs Must Die! 3', 'final_formatted_price': '94₴', 'total': 1783, 'discount': 75, 'short_description': 'Slice, burn, toss, zap, grind and gib massive hordes of repugnant orcs in this long-awaited successor to the award-winning Orcs Must Die! series.', 'recomendations': 10380, 'metacritic': '-1'}, {'steam_appid': 233610, 'name': 'Distance', 'final_formatted_price': '32₴', 'total': 1710, 'discount': 90, 'short_description': 'Distance is an atmospheric racing platformer. Fusing futuristic arcade racing with parkour, survive a deadly, mysterious, neon-drenched city by jumping, rotating, and flying.', 'recomendations': 5513, 'metacritic': '74'}]
2025-08-03 14:38:41,472 - api.main_handler - DEBUG - Start_handler: Steam Appid From Steam Service,5366078830
2025-08-03 14:38:41,472 - api.main_handler - DEBUG - Start_handler: Chat ID 5366078830
2025-08-03 14:38:41,473 - api.main_handler - INFO - Start_handler: Chat ID 5366078830
2025-08-03 14:38:49,781 - api.player_callback - DEBUG - Callback_query player_badges
2025-08-03 14:38:49,786 - api.player_callback - INFO - Steam appid: 76561199028668211
