2025-07-18 12:32:35,090 - application.subscribes_service - INFO - get_changed_games EXECUTED len(data) = 5
2025-07-18 12:40:41,905 - application.subscribes_service - INFO - get_changed_games EXECUTED len(data) = 5
2025-07-18 12:49:27,054 - application.subscribes_service - INFO - get_changed_games EXECUTED len(data) = 5
2025-07-18 12:50:29,163 - application.subscribes_service - INFO - get_changed_games EXECUTED len(data) = 5
2025-07-18 12:55:05,684 - application.subscribes_service - INFO - get_changed_games EXECUTED len(data) = 5
2025-07-18 12:59:33,445 - application.subscribes_service - INFO - get_changed_games EXECUTED len(data) = 5
2025-07-18 12:59:33,505 - application.subscribes_service - INFO - UPSERT_GAMES_WISHLIST EXECUTED len(data) = 5
2025-07-18 13:04:05,765 - application.subscribes_service - INFO - get_changed_games EXECUTED len(data) = 5
2025-07-18 13:04:05,823 - application.subscribes_service - INFO - UPSERT_GAMES_WISHLIST EXECUTED len(data) = 5
2025-07-18 13:04:05,823 - application.subscribes_service - INFO - UpsertWishlistGamesUseCase execute data = [{'game_id': 2881650, 'name': 'Content Warning', 'short_desc': 'Film your friends doing scary things to become SpöökTube famous! (strongly advised to not go alone)', 'price': 799, 'discount': 0}, {'game_id': 1593500, 'name': 'God of War', 'short_desc': 'His vengeance against the Gods of Olympus years behind him, Kratos now lives as a man in the realm of Norse Gods and monsters. It is in this harsh, unforgiving world that he must fight to survive… and teach his son to do the same.', 'price': 4999, 'discount': 0}, {'game_id': 1086940, 'name': "Baldur's Gate 3", 'short_desc': 'Baldur’s Gate 3 is a story-rich, party-based RPG set in the universe of Dungeons &amp; Dragons, where your choices shape a tale of fellowship and betrayal, survival and sacrifice, and the lure of absolute power.', 'price': 5999, 'discount': 0}, {'game_id': 1966720, 'name': 'Lethal Company', 'short_desc': 'A co-op horror about scavenging at abandoned moons to sell scrap to the Company.', 'price': 999, 'discount': 0}, {'game_id': 236850, 'name': 'Europa Universalis IV', 'short_desc': 'Rule your land and dominate the world with unparalleled freedom, depth and historical accuracy. Write a new history of the world and build an empire for the ages.', 'price': 4999, 'discount': 0}]
2025-07-18 13:06:25,346 - application.subscribes_service - INFO - get_changed_games EXECUTED len(data) = 5
2025-07-18 13:06:25,409 - application.subscribes_service - INFO - UPSERT_GAMES_WISHLIST EXECUTED len(data) = 5
2025-07-18 13:06:25,409 - application.subscribes_service - INFO - UpsertWishlistGamesUseCase execute data = [{'game_id': 2881650, 'name': 'Content Warning', 'short_desc': 'Film your friends doing scary things to become SpöökTube famous! (strongly advised to not go alone)', 'price': 799, 'discount': 0}, {'game_id': 1593500, 'name': 'God of War', 'short_desc': 'His vengeance against the Gods of Olympus years behind him, Kratos now lives as a man in the realm of Norse Gods and monsters. It is in this harsh, unforgiving world that he must fight to survive… and teach his son to do the same.', 'price': 4999, 'discount': 0}, {'game_id': 1086940, 'name': "Baldur's Gate 3", 'short_desc': 'Baldur’s Gate 3 is a story-rich, party-based RPG set in the universe of Dungeons &amp; Dragons, where your choices shape a tale of fellowship and betrayal, survival and sacrifice, and the lure of absolute power.', 'price': 5999, 'discount': 0}, {'game_id': 1966720, 'name': 'Lethal Company', 'short_desc': 'A co-op horror about scavenging at abandoned moons to sell scrap to the Company.', 'price': 999, 'discount': 0}, {'game_id': 236850, 'name': 'Europa Universalis IV', 'short_desc': 'Rule your land and dominate the world with unparalleled freedom, depth and historical accuracy. Write a new history of the world and build an empire for the ages.', 'price': 4999, 'discount': 0}]
2025-07-23 14:23:36,656 - application.subscribes_service - INFO - get_changed_games EXECUTED len(data) = 7
2025-07-23 14:23:37,177 - application.subscribes_service - INFO - get_changed_games EXECUTED len(data) = 7
2025-07-23 14:23:40,728 - application.subscribes_service - INFO - get_changed_games EXECUTED len(data) = 7
2025-07-23 14:23:40,780 - application.subscribes_service - INFO - get_changed_games EXECUTED len(data) = 7
2025-07-23 14:23:50,115 - application.subscribes_service - INFO - get_changed_games EXECUTED len(data) = 9
2025-07-23 14:48:43,900 - application.subscribes_service - INFO - get_changed_games EXECUTED len(data) = 9
2025-07-23 15:12:24,959 - application.subscribes_service - INFO - get_changed_games EXECUTED len(data) = 9
2025-07-23 15:13:32,193 - application.subscribes_service - INFO - get_changed_games EXECUTED len(data) = 9
2025-07-23 15:25:29,087 - application.subscribes_service - INFO - get_changed_games EXECUTED len(data) = 9
2025-07-23 15:35:32,918 - application.subscribes_service - INFO - get_changed_games EXECUTED len(data) = 9
2025-07-23 15:41:23,495 - application.subscribes_service - INFO - get_changed_games EXECUTED len(data) = 9
2025-07-23 15:41:23,548 - application.subscribes_service - INFO - GetChangedWishlistGamesUseCase game=[{'game_id': 1517290, 'name': 'Battlefield™ 2042', 'short_desc': 'Battlefield™ 2042 — це шутер від першої особи, який знаменує повернення франшизи до культової тотальної війни.', 'price': 149900, 'discount': 0}, {'game_id': 459220, 'name': 'Halo Wars: Definitive Edition', 'short_desc': 'Halo Wars: Definitive Edition is an enhanced version of the real-time strategy classic, Halo Wars, updated to run natively on PC. Halo Wars: Definitive Edition includes improved graphics, new achievements and all of the DLC created for the landmark real-time strategy game.', 'price': 69900, 'discount': 0}, {'game_id': 268910, 'name': 'Cuphead', 'short_desc': 'Cuphead is a classic run and gun action game heavily focused on boss battles. Inspired by cartoons of the 1930s, the visuals and audio are painstakingly created with the same techniques of the era, i.e. traditional hand drawn cel animation, watercolor backgrounds, and original jazz recordings.', 'price': 27900, 'discount': 0}, {'game_id': 1931730, 'name': 'Fort Solis', 'short_desc': 'Answer the call from a mining base on Mars as engineer Jack Leary and search for the missing crew. Fort Solis will immerse you with cinematic visuals powered by UE 5 and voice acting of Roger Clark and Troy Baker. Explore the mining complex and reach climax of this narrative thriller experience.', 'price': 37300, 'discount': 55}, {'game_id': 2881650, 'name': 'Content Warning', 'short_desc': 'Знімайте, як ваші друзі коять моторошні речі, і станьте зіркою SpöökTube! (наполеглива порада: не ходіть наодинці)', 'price': 18700, 'discount': 0}, {'game_id': 1593500, 'name': 'God of War', 'short_desc': 'Багато років минуло з тих пір, як Кратос помстився богам Олімпу. І зараз він живе як людина в царстві богів і чудовиськ Півночі. Щоб вижити в цьому жорстокому й невблаганному світі, йому потрібно битися й навчати свого сина робити те саме.', 'price': 119900, 'discount': 0}, {'game_id': 1086940, 'name': "Baldur's Gate 3", 'short_desc': 'Baldur’s Gate 3 is a story-rich, party-based RPG set in the universe of Dungeons &amp; Dragons, where your choices shape a tale of fellowship and betrayal, survival and sacrifice, and the lure of absolute power.', 'price': 89900, 'discount': 0}, {'game_id': 1966720, 'name': 'Lethal Company', 'short_desc': 'A co-op horror about scavenging at abandoned moons to sell scrap to the Company.', 'price': 22500, 'discount': 0}, {'game_id': 236850, 'name': 'Europa Universalis IV', 'short_desc': 'Керуйте землями і пануйте над світом. Перепишіть історію світу й побудуйте власну імперію на віки.', 'price': 121900, 'discount': 0}]

 data_changes=[(268910, 5366078830, 1999, 0), (459220, 5366078830, 1999, 0), (1931730, 5366078830, 1124, 55)]
2025-07-23 15:41:59,550 - application.subscribes_service - INFO - get_changed_games EXECUTED len(data) = 9
2025-07-23 15:41:59,596 - application.subscribes_service - INFO - GetChangedWishlistGamesUseCase game=[{'game_id': 1517290, 'name': 'Battlefield™ 2042', 'short_desc': 'Battlefield™ 2042 — це шутер від першої особи, який знаменує повернення франшизи до культової тотальної війни.', 'price': 149900, 'discount': 0}, {'game_id': 459220, 'name': 'Halo Wars: Definitive Edition', 'short_desc': 'Halo Wars: Definitive Edition is an enhanced version of the real-time strategy classic, Halo Wars, updated to run natively on PC. Halo Wars: Definitive Edition includes improved graphics, new achievements and all of the DLC created for the landmark real-time strategy game.', 'price': 69900, 'discount': 0}, {'game_id': 268910, 'name': 'Cuphead', 'short_desc': 'Cuphead is a classic run and gun action game heavily focused on boss battles. Inspired by cartoons of the 1930s, the visuals and audio are painstakingly created with the same techniques of the era, i.e. traditional hand drawn cel animation, watercolor backgrounds, and original jazz recordings.', 'price': 27900, 'discount': 0}, {'game_id': 1931730, 'name': 'Fort Solis', 'short_desc': 'Answer the call from a mining base on Mars as engineer Jack Leary and search for the missing crew. Fort Solis will immerse you with cinematic visuals powered by UE 5 and voice acting of Roger Clark and Troy Baker. Explore the mining complex and reach climax of this narrative thriller experience.', 'price': 37300, 'discount': 55}, {'game_id': 2881650, 'name': 'Content Warning', 'short_desc': 'Знімайте, як ваші друзі коять моторошні речі, і станьте зіркою SpöökTube! (наполеглива порада: не ходіть наодинці)', 'price': 18700, 'discount': 0}, {'game_id': 1593500, 'name': 'God of War', 'short_desc': 'Багато років минуло з тих пір, як Кратос помстився богам Олімпу. І зараз він живе як людина в царстві богів і чудовиськ Півночі. Щоб вижити в цьому жорстокому й невблаганному світі, йому потрібно битися й навчати свого сина робити те саме.', 'price': 119900, 'discount': 0}, {'game_id': 1086940, 'name': "Baldur's Gate 3", 'short_desc': 'Baldur’s Gate 3 is a story-rich, party-based RPG set in the universe of Dungeons &amp; Dragons, where your choices shape a tale of fellowship and betrayal, survival and sacrifice, and the lure of absolute power.', 'price': 89900, 'discount': 0}, {'game_id': 1966720, 'name': 'Lethal Company', 'short_desc': 'A co-op horror about scavenging at abandoned moons to sell scrap to the Company.', 'price': 22500, 'discount': 0}, {'game_id': 236850, 'name': 'Europa Universalis IV', 'short_desc': 'Керуйте землями і пануйте над світом. Перепишіть історію світу й побудуйте власну імперію на віки.', 'price': 121900, 'discount': 0}]

 data_changes=[(268910, 5366078830, 1999, 0), (459220, 5366078830, 1999, 0), (1931730, 5366078830, 1124, 55)]
2025-07-23 15:45:04,242 - application.subscribes_service - INFO - get_changed_games EXECUTED len(data) = 9
2025-07-23 15:45:04,290 - application.subscribes_service - INFO - GetChangedWishlistGamesUseCase game=[{'game_id': 1517290, 'name': 'Battlefield™ 2042', 'short_desc': 'Battlefield™ 2042 — це шутер від першої особи, який знаменує повернення франшизи до культової тотальної війни.', 'price': 149900, 'discount': 0}, {'game_id': 459220, 'name': 'Halo Wars: Definitive Edition', 'short_desc': 'Halo Wars: Definitive Edition is an enhanced version of the real-time strategy classic, Halo Wars, updated to run natively on PC. Halo Wars: Definitive Edition includes improved graphics, new achievements and all of the DLC created for the landmark real-time strategy game.', 'price': 69900, 'discount': 0}, {'game_id': 268910, 'name': 'Cuphead', 'short_desc': 'Cuphead is a classic run and gun action game heavily focused on boss battles. Inspired by cartoons of the 1930s, the visuals and audio are painstakingly created with the same techniques of the era, i.e. traditional hand drawn cel animation, watercolor backgrounds, and original jazz recordings.', 'price': 27900, 'discount': 0}, {'game_id': 1931730, 'name': 'Fort Solis', 'short_desc': 'Answer the call from a mining base on Mars as engineer Jack Leary and search for the missing crew. Fort Solis will immerse you with cinematic visuals powered by UE 5 and voice acting of Roger Clark and Troy Baker. Explore the mining complex and reach climax of this narrative thriller experience.', 'price': 37300, 'discount': 55}, {'game_id': 2881650, 'name': 'Content Warning', 'short_desc': 'Знімайте, як ваші друзі коять моторошні речі, і станьте зіркою SpöökTube! (наполеглива порада: не ходіть наодинці)', 'price': 18700, 'discount': 0}, {'game_id': 1593500, 'name': 'God of War', 'short_desc': 'Багато років минуло з тих пір, як Кратос помстився богам Олімпу. І зараз він живе як людина в царстві богів і чудовиськ Півночі. Щоб вижити в цьому жорстокому й невблаганному світі, йому потрібно битися й навчати свого сина робити те саме.', 'price': 119900, 'discount': 0}, {'game_id': 1086940, 'name': "Baldur's Gate 3", 'short_desc': 'Baldur’s Gate 3 is a story-rich, party-based RPG set in the universe of Dungeons &amp; Dragons, where your choices shape a tale of fellowship and betrayal, survival and sacrifice, and the lure of absolute power.', 'price': 89900, 'discount': 0}, {'game_id': 1966720, 'name': 'Lethal Company', 'short_desc': 'A co-op horror about scavenging at abandoned moons to sell scrap to the Company.', 'price': 22500, 'discount': 0}, {'game_id': 236850, 'name': 'Europa Universalis IV', 'short_desc': 'Керуйте землями і пануйте над світом. Перепишіть історію світу й побудуйте власну імперію на віки.', 'price': 121900, 'discount': 0}]

 data_changes=[(268910, 5366078830, 1999, 0), (459220, 5366078830, 1999, 0), (1931730, 5366078830, 1124, 55)]
2025-07-23 15:46:24,616 - application.subscribes_service - INFO - get_changed_games EXECUTED len(data) = 9
2025-07-23 15:46:24,663 - application.subscribes_service - INFO - GetChangedWishlistGamesUseCase game=[{'game_id': 1517290, 'name': 'Battlefield™ 2042', 'short_desc': 'Battlefield™ 2042 — це шутер від першої особи, який знаменує повернення франшизи до культової тотальної війни.', 'price': 149900, 'discount': 0}, {'game_id': 459220, 'name': 'Halo Wars: Definitive Edition', 'short_desc': 'Halo Wars: Definitive Edition is an enhanced version of the real-time strategy classic, Halo Wars, updated to run natively on PC. Halo Wars: Definitive Edition includes improved graphics, new achievements and all of the DLC created for the landmark real-time strategy game.', 'price': 69900, 'discount': 0}, {'game_id': 268910, 'name': 'Cuphead', 'short_desc': 'Cuphead is a classic run and gun action game heavily focused on boss battles. Inspired by cartoons of the 1930s, the visuals and audio are painstakingly created with the same techniques of the era, i.e. traditional hand drawn cel animation, watercolor backgrounds, and original jazz recordings.', 'price': 27900, 'discount': 0}, {'game_id': 1931730, 'name': 'Fort Solis', 'short_desc': 'Answer the call from a mining base on Mars as engineer Jack Leary and search for the missing crew. Fort Solis will immerse you with cinematic visuals powered by UE 5 and voice acting of Roger Clark and Troy Baker. Explore the mining complex and reach climax of this narrative thriller experience.', 'price': 37300, 'discount': 55}, {'game_id': 2881650, 'name': 'Content Warning', 'short_desc': 'Знімайте, як ваші друзі коять моторошні речі, і станьте зіркою SpöökTube! (наполеглива порада: не ходіть наодинці)', 'price': 18700, 'discount': 0}, {'game_id': 1593500, 'name': 'God of War', 'short_desc': 'Багато років минуло з тих пір, як Кратос помстився богам Олімпу. І зараз він живе як людина в царстві богів і чудовиськ Півночі. Щоб вижити в цьому жорстокому й невблаганному світі, йому потрібно битися й навчати свого сина робити те саме.', 'price': 119900, 'discount': 0}, {'game_id': 1086940, 'name': "Baldur's Gate 3", 'short_desc': 'Baldur’s Gate 3 is a story-rich, party-based RPG set in the universe of Dungeons &amp; Dragons, where your choices shape a tale of fellowship and betrayal, survival and sacrifice, and the lure of absolute power.', 'price': 89900, 'discount': 0}, {'game_id': 1966720, 'name': 'Lethal Company', 'short_desc': 'A co-op horror about scavenging at abandoned moons to sell scrap to the Company.', 'price': 22500, 'discount': 0}, {'game_id': 236850, 'name': 'Europa Universalis IV', 'short_desc': 'Керуйте землями і пануйте над світом. Перепишіть історію світу й побудуйте власну імперію на віки.', 'price': 121900, 'discount': 0}]

 data_changes=[(268910, 5366078830, 1999, 0), (459220, 5366078830, 1999, 0), (1931730, 5366078830, 1124, 55)]
2025-07-23 15:46:24,909 - application.subscribes_service - INFO - UPSERT_GAMES_WISHLIST EXECUTED len(data) = 9
2025-07-23 15:46:24,909 - application.subscribes_service - INFO - UpsertWishlistGamesUseCase execute data = [{'game_id': 1517290, 'name': 'Battlefield™ 2042', 'short_desc': 'Battlefield™ 2042 — це шутер від першої особи, який знаменує повернення франшизи до культової тотальної війни.', 'price': 149900, 'discount': 0}, {'game_id': 459220, 'name': 'Halo Wars: Definitive Edition', 'short_desc': 'Halo Wars: Definitive Edition is an enhanced version of the real-time strategy classic, Halo Wars, updated to run natively on PC. Halo Wars: Definitive Edition includes improved graphics, new achievements and all of the DLC created for the landmark real-time strategy game.', 'price': 69900, 'discount': 0}, {'game_id': 268910, 'name': 'Cuphead', 'short_desc': 'Cuphead is a classic run and gun action game heavily focused on boss battles. Inspired by cartoons of the 1930s, the visuals and audio are painstakingly created with the same techniques of the era, i.e. traditional hand drawn cel animation, watercolor backgrounds, and original jazz recordings.', 'price': 27900, 'discount': 0}, {'game_id': 1931730, 'name': 'Fort Solis', 'short_desc': 'Answer the call from a mining base on Mars as engineer Jack Leary and search for the missing crew. Fort Solis will immerse you with cinematic visuals powered by UE 5 and voice acting of Roger Clark and Troy Baker. Explore the mining complex and reach climax of this narrative thriller experience.', 'price': 37300, 'discount': 55}, {'game_id': 2881650, 'name': 'Content Warning', 'short_desc': 'Знімайте, як ваші друзі коять моторошні речі, і станьте зіркою SpöökTube! (наполеглива порада: не ходіть наодинці)', 'price': 18700, 'discount': 0}, {'game_id': 1593500, 'name': 'God of War', 'short_desc': 'Багато років минуло з тих пір, як Кратос помстився богам Олімпу. І зараз він живе як людина в царстві богів і чудовиськ Півночі. Щоб вижити в цьому жорстокому й невблаганному світі, йому потрібно битися й навчати свого сина робити те саме.', 'price': 119900, 'discount': 0}, {'game_id': 1086940, 'name': "Baldur's Gate 3", 'short_desc': 'Baldur’s Gate 3 is a story-rich, party-based RPG set in the universe of Dungeons &amp; Dragons, where your choices shape a tale of fellowship and betrayal, survival and sacrifice, and the lure of absolute power.', 'price': 89900, 'discount': 0}, {'game_id': 1966720, 'name': 'Lethal Company', 'short_desc': 'A co-op horror about scavenging at abandoned moons to sell scrap to the Company.', 'price': 22500, 'discount': 0}, {'game_id': 236850, 'name': 'Europa Universalis IV', 'short_desc': 'Керуйте землями і пануйте над світом. Перепишіть історію світу й побудуйте власну імперію на віки.', 'price': 121900, 'discount': 0}]
2025-07-26 13:42:34,698 - application.subscribes_service - INFO - get_changed_games EXECUTED len(data) = 0
2025-07-26 13:42:34,749 - application.subscribes_service - INFO - GetChangedWishlistGamesUseCase game=[]

 data_changes=[]
2025-07-26 13:42:34,758 - application.subscribes_service - INFO - UPSERT_GAMES_WISHLIST EXECUTED len(data) = 0
2025-07-26 13:42:34,758 - application.subscribes_service - INFO - UpsertWishlistGamesUseCase execute data = []
2025-07-26 13:44:07,914 - application.subscribes_service - INFO - get_changed_games EXECUTED len(data) = 0
2025-07-26 13:44:07,923 - application.subscribes_service - INFO - GetChangedWishlistGamesUseCase game=[]

 data_changes=[]
2025-07-26 13:44:07,926 - application.subscribes_service - INFO - UPSERT_GAMES_WISHLIST EXECUTED len(data) = 0
2025-07-26 13:44:07,926 - application.subscribes_service - INFO - UpsertWishlistGamesUseCase execute data = []
2025-07-26 13:45:09,891 - application.subscribes_service - INFO - get_changed_games EXECUTED len(data) = 0
2025-07-26 13:45:09,893 - application.subscribes_service - INFO - GetChangedWishlistGamesUseCase game=[]

 data_changes=[]
2025-07-26 13:45:09,897 - application.subscribes_service - INFO - UPSERT_GAMES_WISHLIST EXECUTED len(data) = 0
2025-07-26 13:45:09,897 - application.subscribes_service - INFO - UpsertWishlistGamesUseCase execute data = []
2025-07-26 13:58:31,509 - application.subscribes_service - INFO - get_changed_games EXECUTED len(data) = 0
2025-07-26 13:58:31,515 - application.subscribes_service - INFO - GetChangedWishlistGamesUseCase game=[]

 data_changes=[]
2025-07-26 13:58:31,522 - application.subscribes_service - INFO - UPSERT_GAMES_WISHLIST EXECUTED len(data) = 0
2025-07-26 13:58:31,522 - application.subscribes_service - INFO - UpsertWishlistGamesUseCase execute data = []
2025-07-26 13:58:31,648 - application.subscribes_service - INFO - get_changed_games EXECUTED len(data) = 0
2025-07-26 13:58:31,656 - application.subscribes_service - INFO - GetChangedWishlistGamesUseCase game=[]

 data_changes=[]
2025-07-26 13:58:31,668 - application.subscribes_service - INFO - UPSERT_GAMES_WISHLIST EXECUTED len(data) = 0
2025-07-26 13:58:31,669 - application.subscribes_service - INFO - UpsertWishlistGamesUseCase execute data = []
2025-07-26 13:58:31,828 - application.subscribes_service - INFO - get_changed_games EXECUTED len(data) = 0
2025-07-26 13:58:31,831 - application.subscribes_service - INFO - GetChangedWishlistGamesUseCase game=[]

 data_changes=[]
2025-07-26 13:58:31,835 - application.subscribes_service - INFO - UPSERT_GAMES_WISHLIST EXECUTED len(data) = 0
2025-07-26 13:58:31,836 - application.subscribes_service - INFO - UpsertWishlistGamesUseCase execute data = []
2025-07-26 13:58:32,009 - application.subscribes_service - INFO - get_changed_games EXECUTED len(data) = 0
2025-07-26 13:58:32,021 - application.subscribes_service - INFO - GetChangedWishlistGamesUseCase game=[]

 data_changes=[]
2025-07-26 13:58:32,026 - application.subscribes_service - INFO - UPSERT_GAMES_WISHLIST EXECUTED len(data) = 0
2025-07-26 13:58:32,026 - application.subscribes_service - INFO - UpsertWishlistGamesUseCase execute data = []
2025-07-27 12:27:19,304 - application.subscribes_service - INFO - get_changed_games EXECUTED len(data) = 0
2025-07-27 12:27:19,366 - application.subscribes_service - INFO - GetChangedWishlistGamesUseCase game=[]

 data_changes=[]
2025-07-27 12:27:19,379 - application.subscribes_service - INFO - UPSERT_GAMES_WISHLIST EXECUTED len(data) = 0
2025-07-27 12:27:19,379 - application.subscribes_service - INFO - UpsertWishlistGamesUseCase execute data = []
2025-07-27 12:40:20,906 - application.subscribes_service - INFO - get_changed_games EXECUTED len(data) = 2
2025-07-27 12:40:20,916 - application.subscribes_service - INFO - GetChangedWishlistGamesUseCase game=[{'game_id': 230410, 'name': 'Warframe', 'short_desc': 'Пробудіться невпинним воїном і бийтеся разом із друзями проти ворогів у цьому безоплатному сюжетному мережевому бойовику.', 'price': 0, 'discount': 0}, {'game_id': 1517290, 'name': 'Battlefield™ 2042', 'short_desc': 'Battlefield™ 2042 — це шутер від першої особи, який знаменує повернення франшизи до культової тотальної війни.', 'price': 149900, 'discount': 0}]

 data_changes=[]
2025-07-27 12:40:20,922 - application.subscribes_service - INFO - UPSERT_GAMES_WISHLIST EXECUTED len(data) = 2
2025-07-27 12:40:20,922 - application.subscribes_service - INFO - UpsertWishlistGamesUseCase execute data = [{'game_id': 230410, 'name': 'Warframe', 'short_desc': 'Пробудіться невпинним воїном і бийтеся разом із друзями проти ворогів у цьому безоплатному сюжетному мережевому бойовику.', 'price': 0, 'discount': 0}, {'game_id': 1517290, 'name': 'Battlefield™ 2042', 'short_desc': 'Battlefield™ 2042 — це шутер від першої особи, який знаменує повернення франшизи до культової тотальної війни.', 'price': 149900, 'discount': 0}]
2025-07-27 12:44:57,432 - application.subscribes_service - INFO - get_changed_games EXECUTED len(data) = 0
2025-07-27 12:44:57,489 - application.subscribes_service - INFO - GetChangedWishlistGamesUseCase game=[]

 data_changes=[]
2025-07-27 12:44:57,504 - application.subscribes_service - INFO - UPSERT_GAMES_WISHLIST EXECUTED len(data) = 0
2025-07-27 12:44:57,504 - application.subscribes_service - INFO - UpsertWishlistGamesUseCase execute data = []
2025-07-27 12:47:03,340 - application.subscribes_service - INFO - get_changed_games EXECUTED len(data) = 0
2025-07-27 12:47:03,399 - application.subscribes_service - INFO - GetChangedWishlistGamesUseCase game=[]

 data_changes=[]
2025-07-27 12:47:03,409 - application.subscribes_service - INFO - UPSERT_GAMES_WISHLIST EXECUTED len(data) = 0
2025-07-27 12:47:03,410 - application.subscribes_service - DEBUG - UPSERT_GAMES_WISHLIST DATA []
2025-07-27 12:47:03,410 - application.subscribes_service - INFO - UpsertWishlistGamesUseCase execute data = []
2025-07-27 12:48:22,383 - application.subscribes_service - INFO - get_changed_games EXECUTED len(data) = 0
2025-07-27 12:48:22,437 - application.subscribes_service - INFO - GetChangedWishlistGamesUseCase game=[]

 data_changes=[]
2025-07-27 12:48:22,447 - application.subscribes_service - INFO - UPSERT_GAMES_WISHLIST EXECUTED len(data) = 0
2025-07-27 12:50:34,184 - application.subscribes_service - INFO - get_changed_games EXECUTED len(data) = 0
2025-07-27 12:50:34,241 - application.subscribes_service - INFO - GetChangedWishlistGamesUseCase game=[]

 data_changes=[]
2025-07-27 12:50:34,255 - application.subscribes_service - INFO - UPSERT_GAMES_WISHLIST EXECUTED len(data) = 0
2025-07-27 12:57:18,693 - application.subscribes_service - INFO - get_changed_games EXECUTED len(data) = 0
2025-07-27 12:57:18,750 - application.subscribes_service - INFO - GetChangedWishlistGamesUseCase game=[]

 data_changes=[]
2025-07-27 12:57:18,760 - application.subscribes_service - INFO - UPSERT_GAMES_WISHLIST EXECUTED len(data) = 0
2025-07-27 13:00:49,041 - application.subscribes_service - INFO - get_changed_games EXECUTED len(data) = 0
2025-07-27 13:00:49,095 - application.subscribes_service - INFO - GetChangedWishlistGamesUseCase game=[]

 data_changes=[]
2025-07-27 13:00:49,107 - application.subscribes_service - INFO - UPSERT_GAMES_WISHLIST EXECUTED len(data) = 0
2025-07-27 13:28:11,140 - application.subscribes_service - INFO - get_changed_games EXECUTED len(data) = 2
2025-07-27 13:28:11,151 - application.subscribes_service - INFO - GetChangedWishlistGamesUseCase game=[{'game_id': 730, 'name': 'Counter-Strike 2', 'short_desc': 'Упродовж більш ніж двох десятиліть Counter-Strike пропонував елітний змагальний досвід, сформований мільйонами гравців з усього світу. І тепер починається новий розділ в історії CS: Counter-Strike 2.', 'price': 0, 'discount': 0}, {'game_id': 552990, 'name': 'World of Warships', 'short_desc': 'Пориньте в захоплюючі морські битви та зберіть у порту армаду з понад 600 кораблів першої половини XX століття: від сталевих гігантів\xa0— лінкорів, до прихованих есмінців. Змінюйте вигляд корабля, вибирайте модернізації під свій стиль гри та вирушайте до бою разом із іншими гравцями!', 'price': 0, 'discount': 0}]

 data_changes=[]
2025-07-27 13:28:11,159 - application.subscribes_service - INFO - UPSERT_GAMES_WISHLIST EXECUTED len(data) = 2
2025-07-27 13:28:11,398 - application.subscribes_service - INFO - get_changed_games EXECUTED len(data) = 2
2025-07-27 13:28:11,451 - application.subscribes_service - INFO - GetChangedWishlistGamesUseCase game=[{'game_id': 730, 'name': 'Counter-Strike 2', 'short_desc': 'Упродовж більш ніж двох десятиліть Counter-Strike пропонував елітний змагальний досвід, сформований мільйонами гравців з усього світу. І тепер починається новий розділ в історії CS: Counter-Strike 2.', 'price': 0, 'discount': 0}, {'game_id': 552990, 'name': 'World of Warships', 'short_desc': 'Пориньте в захоплюючі морські битви та зберіть у порту армаду з понад 600 кораблів першої половини XX століття: від сталевих гігантів\xa0— лінкорів, до прихованих есмінців. Змінюйте вигляд корабля, вибирайте модернізації під свій стиль гри та вирушайте до бою разом із іншими гравцями!', 'price': 0, 'discount': 0}]

 data_changes=[]
2025-07-27 13:28:11,454 - application.subscribes_service - INFO - UPSERT_GAMES_WISHLIST EXECUTED len(data) = 2
2025-07-27 13:28:11,679 - application.subscribes_service - INFO - get_changed_games EXECUTED len(data) = 2
2025-07-27 13:28:11,732 - application.subscribes_service - INFO - GetChangedWishlistGamesUseCase game=[{'game_id': 730, 'name': 'Counter-Strike 2', 'short_desc': 'Упродовж більш ніж двох десятиліть Counter-Strike пропонував елітний змагальний досвід, сформований мільйонами гравців з усього світу. І тепер починається новий розділ в історії CS: Counter-Strike 2.', 'price': 0, 'discount': 0}, {'game_id': 552990, 'name': 'World of Warships', 'short_desc': 'Пориньте в захоплюючі морські битви та зберіть у порту армаду з понад 600 кораблів першої половини XX століття: від сталевих гігантів\xa0— лінкорів, до прихованих есмінців. Змінюйте вигляд корабля, вибирайте модернізації під свій стиль гри та вирушайте до бою разом із іншими гравцями!', 'price': 0, 'discount': 0}]

 data_changes=[]
2025-07-27 13:28:11,736 - application.subscribes_service - INFO - UPSERT_GAMES_WISHLIST EXECUTED len(data) = 2
2025-07-27 13:28:11,926 - application.subscribes_service - INFO - get_changed_games EXECUTED len(data) = 2
2025-07-27 13:28:11,989 - application.subscribes_service - INFO - GetChangedWishlistGamesUseCase game=[{'game_id': 730, 'name': 'Counter-Strike 2', 'short_desc': 'Упродовж більш ніж двох десятиліть Counter-Strike пропонував елітний змагальний досвід, сформований мільйонами гравців з усього світу. І тепер починається новий розділ в історії CS: Counter-Strike 2.', 'price': 0, 'discount': 0}, {'game_id': 552990, 'name': 'World of Warships', 'short_desc': 'Пориньте в захоплюючі морські битви та зберіть у порту армаду з понад 600 кораблів першої половини XX століття: від сталевих гігантів\xa0— лінкорів, до прихованих есмінців. Змінюйте вигляд корабля, вибирайте модернізації під свій стиль гри та вирушайте до бою разом із іншими гравцями!', 'price': 0, 'discount': 0}]

 data_changes=[]
2025-07-27 13:28:11,994 - application.subscribes_service - INFO - UPSERT_GAMES_WISHLIST EXECUTED len(data) = 2
2025-07-27 13:28:12,154 - application.subscribes_service - INFO - get_changed_games EXECUTED len(data) = 2
2025-07-27 13:28:12,157 - application.subscribes_service - INFO - GetChangedWishlistGamesUseCase game=[{'game_id': 730, 'name': 'Counter-Strike 2', 'short_desc': 'Упродовж більш ніж двох десятиліть Counter-Strike пропонував елітний змагальний досвід, сформований мільйонами гравців з усього світу. І тепер починається новий розділ в історії CS: Counter-Strike 2.', 'price': 0, 'discount': 0}, {'game_id': 552990, 'name': 'World of Warships', 'short_desc': 'Пориньте в захоплюючі морські битви та зберіть у порту армаду з понад 600 кораблів першої половини XX століття: від сталевих гігантів\xa0— лінкорів, до прихованих есмінців. Змінюйте вигляд корабля, вибирайте модернізації під свій стиль гри та вирушайте до бою разом із іншими гравцями!', 'price': 0, 'discount': 0}]

 data_changes=[]
2025-07-27 13:28:12,161 - application.subscribes_service - INFO - UPSERT_GAMES_WISHLIST EXECUTED len(data) = 2
2025-07-27 13:29:50,296 - application.subscribes_service - INFO - get_changed_games EXECUTED len(data) = 2
2025-07-27 13:29:50,337 - application.subscribes_service - INFO - GetChangedWishlistGamesUseCase game=[{'game_id': 730, 'name': 'Counter-Strike 2', 'short_desc': 'Упродовж більш ніж двох десятиліть Counter-Strike пропонував елітний змагальний досвід, сформований мільйонами гравців з усього світу. І тепер починається новий розділ в історії CS: Counter-Strike 2.', 'price': 0, 'discount': 0}, {'game_id': 552990, 'name': 'World of Warships', 'short_desc': 'Пориньте в захоплюючі морські битви та зберіть у порту армаду з понад 600 кораблів першої половини XX століття: від сталевих гігантів\xa0— лінкорів, до прихованих есмінців. Змінюйте вигляд корабля, вибирайте модернізації під свій стиль гри та вирушайте до бою разом із іншими гравцями!', 'price': 0, 'discount': 0}]

 data_changes=[]
2025-07-27 13:29:50,342 - application.subscribes_service - INFO - UPSERT_GAMES_WISHLIST EXECUTED len(data) = 2
2025-07-27 13:32:20,285 - application.subscribes_service - INFO - get_changed_games EXECUTED len(data) = 2
2025-07-27 13:32:20,288 - application.subscribes_service - INFO - GetChangedWishlistGamesUseCase game=[{'game_id': 730, 'name': 'Counter-Strike 2', 'short_desc': 'Упродовж більш ніж двох десятиліть Counter-Strike пропонував елітний змагальний досвід, сформований мільйонами гравців з усього світу. І тепер починається новий розділ в історії CS: Counter-Strike 2.', 'price': 0, 'discount': 0}, {'game_id': 552990, 'name': 'World of Warships', 'short_desc': 'Пориньте в захоплюючі морські битви та зберіть у порту армаду з понад 600 кораблів першої половини XX століття: від сталевих гігантів\xa0— лінкорів, до прихованих есмінців. Змінюйте вигляд корабля, вибирайте модернізації під свій стиль гри та вирушайте до бою разом із іншими гравцями!', 'price': 0, 'discount': 0}]

 data_changes=[]
2025-07-27 13:32:20,293 - application.subscribes_service - INFO - UPSERT_GAMES_WISHLIST EXECUTED len(data) = 2
2025-07-27 13:45:31,668 - application.subscribes_service - INFO - get_changed_games EXECUTED len(data) = 2
2025-07-27 13:45:31,738 - application.subscribes_service - INFO - GetChangedWishlistGamesUseCase game=[{'game_id': 730, 'name': 'Counter-Strike 2', 'short_desc': 'Упродовж більш ніж двох десятиліть Counter-Strike пропонував елітний змагальний досвід, сформований мільйонами гравців з усього світу. І тепер починається новий розділ в історії CS: Counter-Strike 2.', 'price': 0, 'discount': 0}, {'game_id': 552990, 'name': 'World of Warships', 'short_desc': 'Пориньте в захоплюючі морські битви та зберіть у порту армаду з понад 600 кораблів першої половини XX століття: від сталевих гігантів\xa0— лінкорів, до прихованих есмінців. Змінюйте вигляд корабля, вибирайте модернізації під свій стиль гри та вирушайте до бою разом із іншими гравцями!', 'price': 0, 'discount': 0}]

 data_changes=[]
2025-07-27 13:45:31,746 - application.subscribes_service - INFO - UPSERT_GAMES_WISHLIST EXECUTED len(data) = 2
2025-07-27 13:56:08,958 - application.subscribes_service - INFO - get_changed_games EXECUTED len(data) = 2
2025-07-27 13:56:09,006 - application.subscribes_service - INFO - GetChangedWishlistGamesUseCase game=[{'game_id': 730, 'name': 'Counter-Strike 2', 'short_desc': 'Упродовж більш ніж двох десятиліть Counter-Strike пропонував елітний змагальний досвід, сформований мільйонами гравців з усього світу. І тепер починається новий розділ в історії CS: Counter-Strike 2.', 'price': 0, 'discount': 0}, {'game_id': 552990, 'name': 'World of Warships', 'short_desc': 'Пориньте в захоплюючі морські битви та зберіть у порту армаду з понад 600 кораблів першої половини XX століття: від сталевих гігантів\xa0— лінкорів, до прихованих есмінців. Змінюйте вигляд корабля, вибирайте модернізації під свій стиль гри та вирушайте до бою разом із іншими гравцями!', 'price': 0, 'discount': 0}]

 data_changes=[]
2025-07-27 13:56:09,008 - application.subscribes_service - INFO - UPSERT_GAMES_WISHLIST EXECUTED len(data) = 2
2025-07-27 13:56:09,008 - application.subscribes_service - INFO - UpsertWishlistGamesUseCase execute data = [{'game_id': 730, 'name': 'Counter-Strike 2', 'short_desc': 'Упродовж більш ніж двох десятиліть Counter-Strike пропонував елітний змагальний досвід, сформований мільйонами гравців з усього світу. І тепер починається новий розділ в історії CS: Counter-Strike 2.', 'price': 0, 'discount': 0}, {'game_id': 552990, 'name': 'World of Warships', 'short_desc': 'Пориньте в захоплюючі морські битви та зберіть у порту армаду з понад 600 кораблів першої половини XX століття: від сталевих гігантів\xa0— лінкорів, до прихованих есмінців. Змінюйте вигляд корабля, вибирайте модернізації під свій стиль гри та вирушайте до бою разом із іншими гравцями!', 'price': 0, 'discount': 0}]
2025-07-27 13:57:54,459 - application.subscribes_service - INFO - get_changed_games EXECUTED len(data) = 0
2025-07-27 13:57:54,509 - application.subscribes_service - INFO - GetChangedWishlistGamesUseCase game=[]

 data_changes=[]
2025-07-27 13:57:54,509 - application.subscribes_service - INFO - users_to_games={}
2025-07-27 13:57:54,513 - application.subscribes_service - INFO - UPSERT_GAMES_WISHLIST EXECUTED len(data) = 0
2025-07-27 13:58:39,526 - application.subscribes_service - INFO - get_changed_games EXECUTED len(data) = 1
2025-07-27 13:58:39,573 - application.subscribes_service - INFO - GetChangedWishlistGamesUseCase game=[{'game_id': 730, 'name': 'Counter-Strike 2', 'short_desc': 'Упродовж більш ніж двох десятиліть Counter-Strike пропонував елітний змагальний досвід, сформований мільйонами гравців з усього світу. І тепер починається новий розділ в історії CS: Counter-Strike 2.', 'price': 0, 'discount': 0}]

 data_changes=[]
2025-07-27 13:58:39,573 - application.subscribes_service - INFO - users_to_games={}
2025-07-27 13:58:39,575 - application.subscribes_service - INFO - UPSERT_GAMES_WISHLIST EXECUTED len(data) = 1
2025-07-27 13:58:39,575 - application.subscribes_service - INFO - UpsertWishlistGamesUseCase execute data = [{'game_id': 730, 'name': 'Counter-Strike 2', 'short_desc': 'Упродовж більш ніж двох десятиліть Counter-Strike пропонував елітний змагальний досвід, сформований мільйонами гравців з усього світу. І тепер починається новий розділ в історії CS: Counter-Strike 2.', 'price': 0, 'discount': 0}]
2025-07-27 14:04:42,429 - application.subscribes_service - INFO - get_changed_games EXECUTED len(data) = 2
2025-07-27 14:04:42,432 - application.subscribes_service - INFO - GetChangedWishlistGamesUseCase game=[{'game_id': 730, 'name': 'Counter-Strike 2', 'short_desc': 'Упродовж більш ніж двох десятиліть Counter-Strike пропонував елітний змагальний досвід, сформований мільйонами гравців з усього світу. І тепер починається новий розділ в історії CS: Counter-Strike 2.', 'price': 0, 'discount': 0}, {'game_id': 20510, 'name': 'S.T.A.L.K.E.R.: Clear Sky', 'short_desc': 'S.T.A.L.K.E.R.: Чисте Небо – самостійний приквел до знаменитої S.T.A.L.K.E.R.: Тінь Чорнобиля, який розповість вам історію угруповання Чисте Небо, котре досліджує Зону і прагне її зрозуміти.', 'price': 41500, 'discount': 0}]

 data_changes=[(730, 5366078830, 4340, 0), (20510, 5366078830, 100000, 0)]
2025-07-27 14:04:42,433 - application.subscribes_service - INFO - users_to_games={730: [ChangedGamesWishlistModel(steam_appid=730, name='Counter-Strike 2', short_description='Упродовж більш ніж двох десятиліть Counter-Strike пропонував елітний змагальний досвід, сформований мільйонами гравців з усього світу. І тепер починається новий розділ в історії CS: Counter-Strike 2.', price_now=0, discount_now=0, price_before=4340, discount_before=0)], 20510: [ChangedGamesWishlistModel(steam_appid=20510, name='S.T.A.L.K.E.R.: Clear Sky', short_description='S.T.A.L.K.E.R.: Чисте Небо – самостійний приквел до знаменитої S.T.A.L.K.E.R.: Тінь Чорнобиля, який розповість вам історію угруповання Чисте Небо, котре досліджує Зону і прагне її зрозуміти.', price_now=41500, discount_now=0, price_before=100000, discount_before=0)]}
2025-07-27 14:04:43,134 - application.subscribes_service - INFO - UPSERT_GAMES_WISHLIST EXECUTED len(data) = 2
2025-07-27 14:04:43,135 - application.subscribes_service - INFO - UpsertWishlistGamesUseCase execute data = [{'game_id': 730, 'name': 'Counter-Strike 2', 'short_desc': 'Упродовж більш ніж двох десятиліть Counter-Strike пропонував елітний змагальний досвід, сформований мільйонами гравців з усього світу. І тепер починається новий розділ в історії CS: Counter-Strike 2.', 'price': 0, 'discount': 0}, {'game_id': 20510, 'name': 'S.T.A.L.K.E.R.: Clear Sky', 'short_desc': 'S.T.A.L.K.E.R.: Чисте Небо – самостійний приквел до знаменитої S.T.A.L.K.E.R.: Тінь Чорнобиля, який розповість вам історію угруповання Чисте Небо, котре досліджує Зону і прагне її зрозуміти.', 'price': 41500, 'discount': 0}]
2025-07-27 14:10:52,408 - application.subscribes_service - INFO - get_changed_games EXECUTED len(data) = 2
2025-07-27 14:10:52,417 - application.subscribes_service - INFO - GetChangedWishlistGamesUseCase game=[{'game_id': 730, 'name': 'Counter-Strike 2', 'short_desc': 'Упродовж більш ніж двох десятиліть Counter-Strike пропонував елітний змагальний досвід, сформований мільйонами гравців з усього світу. І тепер починається новий розділ в історії CS: Counter-Strike 2.', 'price': 0, 'discount': 0}, {'game_id': 20510, 'name': 'S.T.A.L.K.E.R.: Clear Sky', 'short_desc': 'S.T.A.L.K.E.R.: Чисте Небо – самостійний приквел до знаменитої S.T.A.L.K.E.R.: Тінь Чорнобиля, який розповість вам історію угруповання Чисте Небо, котре досліджує Зону і прагне її зрозуміти.', 'price': 41500, 'discount': 0}]

 data_changes=[(730, 5366078830, 3223, 0), (20510, 5366078830, 7553, 0)]
2025-07-27 14:10:52,417 - application.subscribes_service - INFO - users_to_games={5366078830: [ChangedGamesWishlistModel(steam_appid=730, name='Counter-Strike 2', short_description='Упродовж більш ніж двох десятиліть Counter-Strike пропонував елітний змагальний досвід, сформований мільйонами гравців з усього світу. І тепер починається новий розділ в історії CS: Counter-Strike 2.', price_now=0, discount_now=0, price_before=3223, discount_before=0), ChangedGamesWishlistModel(steam_appid=20510, name='S.T.A.L.K.E.R.: Clear Sky', short_description='S.T.A.L.K.E.R.: Чисте Небо – самостійний приквел до знаменитої S.T.A.L.K.E.R.: Тінь Чорнобиля, який розповість вам історію угруповання Чисте Небо, котре досліджує Зону і прагне її зрозуміти.', price_now=41500, discount_now=0, price_before=7553, discount_before=0)]}
2025-07-27 14:10:52,699 - application.subscribes_service - INFO - UPSERT_GAMES_WISHLIST EXECUTED len(data) = 2
2025-07-27 14:10:52,699 - application.subscribes_service - INFO - UpsertWishlistGamesUseCase execute data = [{'game_id': 730, 'name': 'Counter-Strike 2', 'short_desc': 'Упродовж більш ніж двох десятиліть Counter-Strike пропонував елітний змагальний досвід, сформований мільйонами гравців з усього світу. І тепер починається новий розділ в історії CS: Counter-Strike 2.', 'price': 0, 'discount': 0}, {'game_id': 20510, 'name': 'S.T.A.L.K.E.R.: Clear Sky', 'short_desc': 'S.T.A.L.K.E.R.: Чисте Небо – самостійний приквел до знаменитої S.T.A.L.K.E.R.: Тінь Чорнобиля, який розповість вам історію угруповання Чисте Небо, котре досліджує Зону і прагне її зрозуміти.', 'price': 41500, 'discount': 0}]
2025-07-27 14:10:52,774 - application.subscribes_service - INFO - get_changed_games EXECUTED len(data) = 2
2025-07-27 14:10:52,779 - application.subscribes_service - INFO - GetChangedWishlistGamesUseCase game=[{'game_id': 730, 'name': 'Counter-Strike 2', 'short_desc': 'Упродовж більш ніж двох десятиліть Counter-Strike пропонував елітний змагальний досвід, сформований мільйонами гравців з усього світу. І тепер починається новий розділ в історії CS: Counter-Strike 2.', 'price': 0, 'discount': 0}, {'game_id': 20510, 'name': 'S.T.A.L.K.E.R.: Clear Sky', 'short_desc': 'S.T.A.L.K.E.R.: Чисте Небо – самостійний приквел до знаменитої S.T.A.L.K.E.R.: Тінь Чорнобиля, який розповість вам історію угруповання Чисте Небо, котре досліджує Зону і прагне її зрозуміти.', 'price': 41500, 'discount': 0}]

 data_changes=[(730, 5366078830, 0, 0), (20510, 5366078830, 41500, 0)]
2025-07-27 14:10:52,779 - application.subscribes_service - INFO - users_to_games={}
2025-07-27 14:10:52,782 - application.subscribes_service - INFO - UPSERT_GAMES_WISHLIST EXECUTED len(data) = 2
2025-07-27 14:10:52,782 - application.subscribes_service - INFO - UpsertWishlistGamesUseCase execute data = [{'game_id': 730, 'name': 'Counter-Strike 2', 'short_desc': 'Упродовж більш ніж двох десятиліть Counter-Strike пропонував елітний змагальний досвід, сформований мільйонами гравців з усього світу. І тепер починається новий розділ в історії CS: Counter-Strike 2.', 'price': 0, 'discount': 0}, {'game_id': 20510, 'name': 'S.T.A.L.K.E.R.: Clear Sky', 'short_desc': 'S.T.A.L.K.E.R.: Чисте Небо – самостійний приквел до знаменитої S.T.A.L.K.E.R.: Тінь Чорнобиля, який розповість вам історію угруповання Чисте Небо, котре досліджує Зону і прагне її зрозуміти.', 'price': 41500, 'discount': 0}]
2025-07-27 14:21:06,093 - application.subscribes_service - INFO - get_changed_games EXECUTED len(data) = 2
2025-07-27 14:21:06,097 - application.subscribes_service - INFO - UPSERT_GAMES_WISHLIST EXECUTED len(data) = 2
2025-07-27 14:21:06,097 - application.subscribes_service - INFO - UpsertWishlistGamesUseCase execute data = [{'game_id': 730, 'name': 'Counter-Strike 2', 'short_desc': 'Упродовж більш ніж двох десятиліть Counter-Strike пропонував елітний змагальний досвід, сформований мільйонами гравців з усього світу. І тепер починається новий розділ в історії CS: Counter-Strike 2.', 'price': 0, 'discount': 0}, {'game_id': 20510, 'name': 'S.T.A.L.K.E.R.: Clear Sky', 'short_desc': 'S.T.A.L.K.E.R.: Чисте Небо – самостійний приквел до знаменитої S.T.A.L.K.E.R.: Тінь Чорнобиля, який розповість вам історію угруповання Чисте Небо, котре досліджує Зону і прагне її зрозуміти.', 'price': 41500, 'discount': 0}]
2025-07-27 14:21:06,248 - application.subscribes_service - INFO - get_changed_games EXECUTED len(data) = 2
2025-07-27 14:21:06,258 - application.subscribes_service - INFO - UPSERT_GAMES_WISHLIST EXECUTED len(data) = 2
2025-07-27 14:21:06,258 - application.subscribes_service - INFO - UpsertWishlistGamesUseCase execute data = [{'game_id': 730, 'name': 'Counter-Strike 2', 'short_desc': 'Упродовж більш ніж двох десятиліть Counter-Strike пропонував елітний змагальний досвід, сформований мільйонами гравців з усього світу. І тепер починається новий розділ в історії CS: Counter-Strike 2.', 'price': 0, 'discount': 0}, {'game_id': 20510, 'name': 'S.T.A.L.K.E.R.: Clear Sky', 'short_desc': 'S.T.A.L.K.E.R.: Чисте Небо – самостійний приквел до знаменитої S.T.A.L.K.E.R.: Тінь Чорнобиля, який розповість вам історію угруповання Чисте Небо, котре досліджує Зону і прагне її зрозуміти.', 'price': 41500, 'discount': 0}]
2025-07-27 14:21:06,459 - application.subscribes_service - INFO - get_changed_games EXECUTED len(data) = 2
2025-07-27 14:21:06,463 - application.subscribes_service - INFO - UPSERT_GAMES_WISHLIST EXECUTED len(data) = 2
2025-07-27 14:21:06,464 - application.subscribes_service - INFO - UpsertWishlistGamesUseCase execute data = [{'game_id': 730, 'name': 'Counter-Strike 2', 'short_desc': 'Упродовж більш ніж двох десятиліть Counter-Strike пропонував елітний змагальний досвід, сформований мільйонами гравців з усього світу. І тепер починається новий розділ в історії CS: Counter-Strike 2.', 'price': 0, 'discount': 0}, {'game_id': 20510, 'name': 'S.T.A.L.K.E.R.: Clear Sky', 'short_desc': 'S.T.A.L.K.E.R.: Чисте Небо – самостійний приквел до знаменитої S.T.A.L.K.E.R.: Тінь Чорнобиля, який розповість вам історію угруповання Чисте Небо, котре досліджує Зону і прагне її зрозуміти.', 'price': 41500, 'discount': 0}]
2025-07-27 14:21:06,610 - application.subscribes_service - INFO - get_changed_games EXECUTED len(data) = 2
2025-07-27 14:21:06,621 - application.subscribes_service - INFO - UPSERT_GAMES_WISHLIST EXECUTED len(data) = 2
2025-07-27 14:21:06,621 - application.subscribes_service - INFO - UpsertWishlistGamesUseCase execute data = [{'game_id': 730, 'name': 'Counter-Strike 2', 'short_desc': 'Упродовж більш ніж двох десятиліть Counter-Strike пропонував елітний змагальний досвід, сформований мільйонами гравців з усього світу. І тепер починається новий розділ в історії CS: Counter-Strike 2.', 'price': 0, 'discount': 0}, {'game_id': 20510, 'name': 'S.T.A.L.K.E.R.: Clear Sky', 'short_desc': 'S.T.A.L.K.E.R.: Чисте Небо – самостійний приквел до знаменитої S.T.A.L.K.E.R.: Тінь Чорнобиля, який розповість вам історію угруповання Чисте Небо, котре досліджує Зону і прагне її зрозуміти.', 'price': 41500, 'discount': 0}]
2025-07-27 14:21:17,028 - application.subscribes_service - INFO - get_changed_games EXECUTED len(data) = 0
2025-07-27 14:21:17,037 - application.subscribes_service - INFO - UPSERT_GAMES_WISHLIST EXECUTED len(data) = 0
2025-07-27 14:21:17,038 - application.subscribes_service - INFO - Data is None
2025-07-27 14:22:19,507 - application.subscribes_service - INFO - get_changed_games EXECUTED len(data) = 0
2025-07-27 14:22:19,552 - application.subscribes_service - INFO - GetChangedWishlistGamesUseCase game=[]

data_changes=[]
2025-07-27 14:22:19,553 - application.subscribes_service - INFO - users_to_games={}
2025-07-27 14:22:19,555 - application.subscribes_service - INFO - UPSERT_GAMES_WISHLIST EXECUTED len(data) = 0
2025-07-27 14:22:19,555 - application.subscribes_service - INFO - Data is None
2025-07-27 14:23:09,452 - application.subscribes_service - INFO - get_changed_games EXECUTED len(data) = 5
2025-07-27 14:23:09,499 - application.subscribes_service - INFO - GetChangedWishlistGamesUseCase game=[{'game_id': 730, 'name': 'Counter-Strike 2', 'short_desc': 'Упродовж більш ніж двох десятиліть Counter-Strike пропонував елітний змагальний досвід, сформований мільйонами гравців з усього світу. І тепер починається новий розділ в історії CS: Counter-Strike 2.', 'price': 0, 'discount': 0}, {'game_id': 20510, 'name': 'S.T.A.L.K.E.R.: Clear Sky', 'short_desc': 'S.T.A.L.K.E.R.: Чисте Небо – самостійний приквел до знаменитої S.T.A.L.K.E.R.: Тінь Чорнобиля, який розповість вам історію угруповання Чисте Небо, котре досліджує Зону і прагне її зрозуміти.', 'price': 41500, 'discount': 0}, {'game_id': 1966720, 'name': 'Lethal Company', 'short_desc': 'A co-op horror about scavenging at abandoned moons to sell scrap to the Company.', 'price': 22500, 'discount': 0}, {'game_id': 553850, 'name': 'HELLDIVERS™ 2', 'short_desc': 'Остання лінія оборони Галактики. Приєднуйтеся до Пекельних десантників та боріться за свободу у ворожій галактиці у швидкому, шаленому та жорстокому шутері від третьої особи.', 'price': 119900, 'discount': 0}, {'game_id': 21030, 'name': 'Watchmen: The End is Nigh Part 2', 'short_desc': 'Watchmen: The End Is Nigh Part 2 delves further into the partnership of Rorschach and Nite Owl before the hero-banning Keene Act. It’s now June 1977, and any day now the passage of the Keene Act will outlaw all masked vigilantes not sanctioned by the government.', 'price': 9900, 'discount': 0}]

data_changes=[(730, 5366078830, 299, 0), (20510, 5366078830, 5354, 0), (21030, 5366078830, 5454, 0)]
2025-07-27 14:23:09,500 - application.subscribes_service - INFO - users_to_games={5366078830: [ChangedGamesWishlistModel(steam_appid=730, name='Counter-Strike 2', short_description='Упродовж більш ніж двох десятиліть Counter-Strike пропонував елітний змагальний досвід, сформований мільйонами гравців з усього світу. І тепер починається новий розділ в історії CS: Counter-Strike 2.', price_now=0, discount_now=0, price_before=299, discount_before=0), ChangedGamesWishlistModel(steam_appid=20510, name='S.T.A.L.K.E.R.: Clear Sky', short_description='S.T.A.L.K.E.R.: Чисте Небо – самостійний приквел до знаменитої S.T.A.L.K.E.R.: Тінь Чорнобиля, який розповість вам історію угруповання Чисте Небо, котре досліджує Зону і прагне її зрозуміти.', price_now=41500, discount_now=0, price_before=5354, discount_before=0), ChangedGamesWishlistModel(steam_appid=21030, name='Watchmen: The End is Nigh Part 2', short_description='Watchmen: The End Is Nigh Part 2 delves further into the partnership of Rorschach and Nite Owl before the hero-banning Keene Act. It’s now June 1977, and any day now the passage of the Keene Act will outlaw all masked vigilantes not sanctioned by the government.', price_now=9900, discount_now=0, price_before=5454, discount_before=0)]}
2025-07-27 14:23:10,178 - application.subscribes_service - INFO - UPSERT_GAMES_WISHLIST EXECUTED len(data) = 5
2025-07-27 14:23:10,178 - application.subscribes_service - INFO - UpsertWishlistGamesUseCase execute data = [{'game_id': 730, 'name': 'Counter-Strike 2', 'short_desc': 'Упродовж більш ніж двох десятиліть Counter-Strike пропонував елітний змагальний досвід, сформований мільйонами гравців з усього світу. І тепер починається новий розділ в історії CS: Counter-Strike 2.', 'price': 0, 'discount': 0}, {'game_id': 20510, 'name': 'S.T.A.L.K.E.R.: Clear Sky', 'short_desc': 'S.T.A.L.K.E.R.: Чисте Небо – самостійний приквел до знаменитої S.T.A.L.K.E.R.: Тінь Чорнобиля, який розповість вам історію угруповання Чисте Небо, котре досліджує Зону і прагне її зрозуміти.', 'price': 41500, 'discount': 0}, {'game_id': 1966720, 'name': 'Lethal Company', 'short_desc': 'A co-op horror about scavenging at abandoned moons to sell scrap to the Company.', 'price': 22500, 'discount': 0}, {'game_id': 553850, 'name': 'HELLDIVERS™ 2', 'short_desc': 'Остання лінія оборони Галактики. Приєднуйтеся до Пекельних десантників та боріться за свободу у ворожій галактиці у швидкому, шаленому та жорстокому шутері від третьої особи.', 'price': 119900, 'discount': 0}, {'game_id': 21030, 'name': 'Watchmen: The End is Nigh Part 2', 'short_desc': 'Watchmen: The End Is Nigh Part 2 delves further into the partnership of Rorschach and Nite Owl before the hero-banning Keene Act. It’s now June 1977, and any day now the passage of the Keene Act will outlaw all masked vigilantes not sanctioned by the government.', 'price': 9900, 'discount': 0}]
2025-07-27 14:26:06,572 - application.subscribes_service - INFO - get_changed_games EXECUTED len(data) = 2
2025-07-27 14:26:06,629 - application.subscribes_service - INFO - GetChangedWishlistGamesUseCase game=[{'game_id': 730, 'name': 'Counter-Strike 2', 'short_desc': 'Упродовж більш ніж двох десятиліть Counter-Strike пропонував елітний змагальний досвід, сформований мільйонами гравців з усього світу. І тепер починається новий розділ в історії CS: Counter-Strike 2.', 'price': 0, 'discount': 0}, {'game_id': 252490, 'name': 'Rust', 'short_desc': 'Єдина ціль у грі Rust — вижити. Все прагне вашої смерті — дика природа острова, інші жителі, оточення та інші вцілілі. Робіть усе можливе, щоб пережити ще одну ніч.', 'price': 69900, 'discount': 0}]

data_changes=[(730, 5366078830, 4433, 0), (252490, 5366078830, 54543, 0)]
2025-07-27 14:26:06,629 - application.subscribes_service - INFO - users_to_games={5366078830: [ChangedGamesWishlistModel(steam_appid=730, name='Counter-Strike 2', short_description='Упродовж більш ніж двох десятиліть Counter-Strike пропонував елітний змагальний досвід, сформований мільйонами гравців з усього світу. І тепер починається новий розділ в історії CS: Counter-Strike 2.', price_now=0, discount_now=0, price_before=4433, discount_before=0), ChangedGamesWishlistModel(steam_appid=252490, name='Rust', short_description='Єдина ціль у грі Rust — вижити. Все прагне вашої смерті — дика природа острова, інші жителі, оточення та інші вцілілі. Робіть усе можливе, щоб пережити ще одну ніч.', price_now=69900, discount_now=0, price_before=54543, discount_before=0)]}
2025-07-27 14:26:06,931 - application.subscribes_service - INFO - UPSERT_GAMES_WISHLIST EXECUTED len(data) = 2
2025-07-27 14:26:06,931 - application.subscribes_service - INFO - UpsertWishlistGamesUseCase execute data = [{'game_id': 730, 'name': 'Counter-Strike 2', 'short_desc': 'Упродовж більш ніж двох десятиліть Counter-Strike пропонував елітний змагальний досвід, сформований мільйонами гравців з усього світу. І тепер починається новий розділ в історії CS: Counter-Strike 2.', 'price': 0, 'discount': 0}, {'game_id': 252490, 'name': 'Rust', 'short_desc': 'Єдина ціль у грі Rust — вижити. Все прагне вашої смерті — дика природа острова, інші жителі, оточення та інші вцілілі. Робіть усе можливе, щоб пережити ще одну ніч.', 'price': 69900, 'discount': 0}]
2025-07-27 14:29:09,492 - application.subscribes_service - INFO - get_changed_games EXECUTED len(data) = 5
2025-07-27 14:29:09,538 - application.subscribes_service - INFO - GetChangedWishlistGamesUseCase game=[{'game_id': 730, 'name': 'Counter-Strike 2', 'short_desc': 'Упродовж більш ніж двох десятиліть Counter-Strike пропонував елітний змагальний досвід, сформований мільйонами гравців з усього світу. І тепер починається новий розділ в історії CS: Counter-Strike 2.', 'price': 0, 'discount': 0}, {'game_id': 1966720, 'name': 'Lethal Company', 'short_desc': 'A co-op horror about scavenging at abandoned moons to sell scrap to the Company.', 'price': 22500, 'discount': 0}, {'game_id': 1123830, 'name': 'Farm Manager 2021', 'short_desc': 'Farm Manager 2021 is an indie game that lets you relax and immerse yourself in farm management. A casual but grounded builder game that combines management and farm maintenance in one package. Grow and expand your farm into a thriving estate or enjoy it as a delightful escape from everyday life.', 'price': 8300, 'discount': 80}, {'game_id': 859570, 'name': 'Secret Neighbor: Hello Neighbor Multiplayer', 'short_desc': "Hello Neighbor Multiplayer. Secret Neighbor is a Multiplayer Social Horror Game where a group of intruders try to rescue their friend from the Neighbor's creepy basement. Only problem is one of the intruders is the Neighbor in disguise.", 'price': 16900, 'discount': 0}, {'game_id': 552990, 'name': 'World of Warships', 'short_desc': 'Пориньте в захоплюючі морські битви та зберіть у порту армаду з понад 600 кораблів першої половини XX століття: від сталевих гігантів\xa0— лінкорів, до прихованих есмінців. Змінюйте вигляд корабля, вибирайте модернізації під свій стиль гри та вирушайте до бою разом із іншими гравцями!', 'price': 0, 'discount': 0}]

data_changes=[(730, 5366078830, 53343, 0), (859570, 5366078830, 132, 0), (1123830, 5366078830, 43543, 80)]
2025-07-27 14:29:09,538 - application.subscribes_service - INFO - users_to_games={5366078830: [ChangedGamesWishlistModel(steam_appid=730, name='Counter-Strike 2', short_description='Упродовж більш ніж двох десятиліть Counter-Strike пропонував елітний змагальний досвід, сформований мільйонами гравців з усього світу. І тепер починається новий розділ в історії CS: Counter-Strike 2.', price_now=0, discount_now=0, price_before=53343, discount_before=0), ChangedGamesWishlistModel(steam_appid=1123830, name='Farm Manager 2021', short_description='Farm Manager 2021 is an indie game that lets you relax and immerse yourself in farm management. A casual but grounded builder game that combines management and farm maintenance in one package. Grow and expand your farm into a thriving estate or enjoy it as a delightful escape from everyday life.', price_now=8300, discount_now=80, price_before=43543, discount_before=80), ChangedGamesWishlistModel(steam_appid=859570, name='Secret Neighbor: Hello Neighbor Multiplayer', short_description="Hello Neighbor Multiplayer. Secret Neighbor is a Multiplayer Social Horror Game where a group of intruders try to rescue their friend from the Neighbor's creepy basement. Only problem is one of the intruders is the Neighbor in disguise.", price_now=16900, discount_now=0, price_before=132, discount_before=0)]}
2025-07-27 14:29:09,718 - application.subscribes_service - INFO - UPSERT_GAMES_WISHLIST EXECUTED len(data) = 5
2025-07-27 14:29:09,718 - application.subscribes_service - INFO - UpsertWishlistGamesUseCase execute data = [{'game_id': 730, 'name': 'Counter-Strike 2', 'short_desc': 'Упродовж більш ніж двох десятиліть Counter-Strike пропонував елітний змагальний досвід, сформований мільйонами гравців з усього світу. І тепер починається новий розділ в історії CS: Counter-Strike 2.', 'price': 0, 'discount': 0}, {'game_id': 1966720, 'name': 'Lethal Company', 'short_desc': 'A co-op horror about scavenging at abandoned moons to sell scrap to the Company.', 'price': 22500, 'discount': 0}, {'game_id': 1123830, 'name': 'Farm Manager 2021', 'short_desc': 'Farm Manager 2021 is an indie game that lets you relax and immerse yourself in farm management. A casual but grounded builder game that combines management and farm maintenance in one package. Grow and expand your farm into a thriving estate or enjoy it as a delightful escape from everyday life.', 'price': 8300, 'discount': 80}, {'game_id': 859570, 'name': 'Secret Neighbor: Hello Neighbor Multiplayer', 'short_desc': "Hello Neighbor Multiplayer. Secret Neighbor is a Multiplayer Social Horror Game where a group of intruders try to rescue their friend from the Neighbor's creepy basement. Only problem is one of the intruders is the Neighbor in disguise.", 'price': 16900, 'discount': 0}, {'game_id': 552990, 'name': 'World of Warships', 'short_desc': 'Пориньте в захоплюючі морські битви та зберіть у порту армаду з понад 600 кораблів першої половини XX століття: від сталевих гігантів\xa0— лінкорів, до прихованих есмінців. Змінюйте вигляд корабля, вибирайте модернізації під свій стиль гри та вирушайте до бою разом із іншими гравцями!', 'price': 0, 'discount': 0}]
2025-07-27 14:55:22,888 - application.subscribes_service - INFO - get_changed_games EXECUTED len(data) = 0
2025-07-27 14:55:22,936 - application.subscribes_service - INFO - GetChangedWishlistGamesUseCase game=[]

data_changes=[]
2025-07-27 14:55:22,936 - application.subscribes_service - INFO - users_to_games={}
2025-07-27 14:55:22,938 - application.subscribes_service - INFO - UPSERT_GAMES_WISHLIST EXECUTED len(data) = 0
2025-07-27 14:55:22,938 - application.subscribes_service - INFO - Data is None
2025-07-27 15:00:08,426 - application.subscribes_service - INFO - get_changed_games EXECUTED len(data) = 2
2025-07-27 15:00:08,477 - application.subscribes_service - INFO - GetChangedWishlistGamesUseCase game=[{'game_id': 730, 'name': 'Counter-Strike 2', 'short_desc': 'Упродовж більш ніж двох десятиліть Counter-Strike пропонував елітний змагальний досвід, сформований мільйонами гравців з усього світу. І тепер починається новий розділ в історії CS: Counter-Strike 2.', 'price': 0, 'discount': 0}, {'game_id': 990080, 'name': 'Hogwarts Legacy', 'short_desc': 'Hogwarts Legacy is an immersive, open-world action RPG. Now you can take control of the action and be at the center of your own adventure in the wizarding world.', 'price': 159900, 'discount': 0}]

data_changes=[(730, 5366078830, 250, 0), (990080, 5366078830, 899, 70)]
2025-07-27 15:00:08,478 - application.subscribes_service - INFO - users_to_games={5366078830: [ChangedGamesWishlistModel(steam_appid=730, name='Counter-Strike 2', short_description='Упродовж більш ніж двох десятиліть Counter-Strike пропонував елітний змагальний досвід, сформований мільйонами гравців з усього світу. І тепер починається новий розділ в історії CS: Counter-Strike 2.', price_now=0, discount_now=0, price_before=250, discount_before=0), ChangedGamesWishlistModel(steam_appid=990080, name='Hogwarts Legacy', short_description='Hogwarts Legacy is an immersive, open-world action RPG. Now you can take control of the action and be at the center of your own adventure in the wizarding world.', price_now=159900, discount_now=0, price_before=899, discount_before=70)]}
2025-07-27 15:00:08,996 - application.subscribes_service - INFO - UPSERT_GAMES_WISHLIST EXECUTED len(data) = 2
2025-07-27 15:00:08,996 - application.subscribes_service - INFO - UpsertWishlistGamesUseCase execute data = [{'game_id': 730, 'name': 'Counter-Strike 2', 'short_desc': 'Упродовж більш ніж двох десятиліть Counter-Strike пропонував елітний змагальний досвід, сформований мільйонами гравців з усього світу. І тепер починається новий розділ в історії CS: Counter-Strike 2.', 'price': 0, 'discount': 0}, {'game_id': 990080, 'name': 'Hogwarts Legacy', 'short_desc': 'Hogwarts Legacy is an immersive, open-world action RPG. Now you can take control of the action and be at the center of your own adventure in the wizarding world.', 'price': 159900, 'discount': 0}]
2025-07-27 15:01:57,776 - application.subscribes_service - INFO - get_changed_games EXECUTED len(data) = 0
2025-07-27 15:01:57,782 - application.subscribes_service - INFO - GetChangedWishlistGamesUseCase game=[]

data_changes=[]
2025-07-27 15:01:57,782 - application.subscribes_service - INFO - users_to_games={}
2025-07-27 15:01:57,785 - application.subscribes_service - INFO - UPSERT_GAMES_WISHLIST EXECUTED len(data) = 0
2025-07-27 15:01:57,785 - application.subscribes_service - INFO - Data is None
2025-07-28 16:54:15,108 - application.subscribes_service - INFO - get_changed_games EXECUTED len(data) = 4
2025-07-28 16:54:15,139 - application.subscribes_service - INFO - GetChangedWishlistGamesUseCase game=[{'game_id': 236850, 'name': 'Europa Universalis IV', 'short_desc': 'Керуйте землями і пануйте над світом. Перепишіть історію світу й побудуйте власну імперію на віки.', 'price': 121900, 'discount': 0}, {'game_id': 268910, 'name': 'Cuphead', 'short_desc': 'Cuphead is a classic run and gun action game heavily focused on boss battles. Inspired by cartoons of the 1930s, the visuals and audio are painstakingly created with the same techniques of the era, i.e. traditional hand drawn cel animation, watercolor backgrounds, and original jazz recordings.', 'price': 27900, 'discount': 0}, {'game_id': 2881650, 'name': 'Content Warning', 'short_desc': 'Знімайте, як ваші друзі коять моторошні речі, і станьте зіркою SpöökTube! (наполеглива порада: не ходіть наодинці)', 'price': 18700, 'discount': 0}, {'game_id': 1086940, 'name': "Baldur's Gate 3", 'short_desc': 'Baldur’s Gate 3 is a story-rich, party-based RPG set in the universe of Dungeons &amp; Dragons, where your choices shape a tale of fellowship and betrayal, survival and sacrifice, and the lure of absolute power.', 'price': 89900, 'discount': 0}]

data_changes=[]
2025-07-28 16:54:15,139 - application.subscribes_service - INFO - users_to_games={}
2025-07-28 16:54:15,144 - application.subscribes_service - INFO - UPSERT_GAMES_WISHLIST EXECUTED len(data) = 4
2025-07-28 16:54:15,144 - application.subscribes_service - INFO - UpsertWishlistGamesUseCase execute data = [{'game_id': 236850, 'name': 'Europa Universalis IV', 'short_desc': 'Керуйте землями і пануйте над світом. Перепишіть історію світу й побудуйте власну імперію на віки.', 'price': 121900, 'discount': 0}, {'game_id': 268910, 'name': 'Cuphead', 'short_desc': 'Cuphead is a classic run and gun action game heavily focused on boss battles. Inspired by cartoons of the 1930s, the visuals and audio are painstakingly created with the same techniques of the era, i.e. traditional hand drawn cel animation, watercolor backgrounds, and original jazz recordings.', 'price': 27900, 'discount': 0}, {'game_id': 2881650, 'name': 'Content Warning', 'short_desc': 'Знімайте, як ваші друзі коять моторошні речі, і станьте зіркою SpöökTube! (наполеглива порада: не ходіть наодинці)', 'price': 18700, 'discount': 0}, {'game_id': 1086940, 'name': "Baldur's Gate 3", 'short_desc': 'Baldur’s Gate 3 is a story-rich, party-based RPG set in the universe of Dungeons &amp; Dragons, where your choices shape a tale of fellowship and betrayal, survival and sacrifice, and the lure of absolute power.', 'price': 89900, 'discount': 0}]
2025-07-28 16:54:15,362 - application.subscribes_service - INFO - get_changed_games EXECUTED len(data) = 4
2025-07-28 16:54:15,369 - application.subscribes_service - INFO - GetChangedWishlistGamesUseCase game=[{'game_id': 236850, 'name': 'Europa Universalis IV', 'short_desc': 'Керуйте землями і пануйте над світом. Перепишіть історію світу й побудуйте власну імперію на віки.', 'price': 121900, 'discount': 0}, {'game_id': 268910, 'name': 'Cuphead', 'short_desc': 'Cuphead is a classic run and gun action game heavily focused on boss battles. Inspired by cartoons of the 1930s, the visuals and audio are painstakingly created with the same techniques of the era, i.e. traditional hand drawn cel animation, watercolor backgrounds, and original jazz recordings.', 'price': 27900, 'discount': 0}, {'game_id': 2881650, 'name': 'Content Warning', 'short_desc': 'Знімайте, як ваші друзі коять моторошні речі, і станьте зіркою SpöökTube! (наполеглива порада: не ходіть наодинці)', 'price': 18700, 'discount': 0}, {'game_id': 1086940, 'name': "Baldur's Gate 3", 'short_desc': 'Baldur’s Gate 3 is a story-rich, party-based RPG set in the universe of Dungeons &amp; Dragons, where your choices shape a tale of fellowship and betrayal, survival and sacrifice, and the lure of absolute power.', 'price': 89900, 'discount': 0}]

data_changes=[]
2025-07-28 16:54:15,369 - application.subscribes_service - INFO - users_to_games={}
2025-07-28 16:54:15,372 - application.subscribes_service - INFO - UPSERT_GAMES_WISHLIST EXECUTED len(data) = 4
2025-07-28 16:54:15,372 - application.subscribes_service - INFO - UpsertWishlistGamesUseCase execute data = [{'game_id': 236850, 'name': 'Europa Universalis IV', 'short_desc': 'Керуйте землями і пануйте над світом. Перепишіть історію світу й побудуйте власну імперію на віки.', 'price': 121900, 'discount': 0}, {'game_id': 268910, 'name': 'Cuphead', 'short_desc': 'Cuphead is a classic run and gun action game heavily focused on boss battles. Inspired by cartoons of the 1930s, the visuals and audio are painstakingly created with the same techniques of the era, i.e. traditional hand drawn cel animation, watercolor backgrounds, and original jazz recordings.', 'price': 27900, 'discount': 0}, {'game_id': 2881650, 'name': 'Content Warning', 'short_desc': 'Знімайте, як ваші друзі коять моторошні речі, і станьте зіркою SpöökTube! (наполеглива порада: не ходіть наодинці)', 'price': 18700, 'discount': 0}, {'game_id': 1086940, 'name': "Baldur's Gate 3", 'short_desc': 'Baldur’s Gate 3 is a story-rich, party-based RPG set in the universe of Dungeons &amp; Dragons, where your choices shape a tale of fellowship and betrayal, survival and sacrifice, and the lure of absolute power.', 'price': 89900, 'discount': 0}]
2025-07-28 20:22:47,347 - application.subscribes_service - INFO - get_changed_games EXECUTED len(data) = 0
2025-07-28 20:22:47,355 - application.subscribes_service - INFO - GetChangedWishlistGamesUseCase game=[]

data_changes=[]
2025-07-28 20:22:47,355 - application.subscribes_service - INFO - users_to_games={}
2025-07-28 20:22:47,358 - application.subscribes_service - INFO - UPSERT_GAMES_WISHLIST EXECUTED len(data) = 0
2025-07-28 20:22:47,358 - application.subscribes_service - INFO - Data is None
2025-07-28 20:42:37,933 - application.subscribes_service - INFO - get_changed_games EXECUTED len(data) = 0
2025-07-28 20:42:38,006 - application.subscribes_service - INFO - GetChangedWishlistGamesUseCase game=[]

data_changes=[]
2025-07-28 20:42:38,006 - application.subscribes_service - INFO - users_to_games={}
2025-07-28 20:42:38,009 - application.subscribes_service - INFO - UPSERT_GAMES_WISHLIST EXECUTED len(data) = 0
2025-07-28 20:42:38,009 - application.subscribes_service - INFO - Data is None
2025-07-30 10:59:26,734 - application.subscribes_service - INFO - get_changed_games EXECUTED len(data) = 3
2025-07-30 10:59:26,796 - application.subscribes_service - INFO - GetChangedWishlistGamesUseCase game=[{'game_id': 575820, 'name': 'I Hate Running Backwards', 'short_desc': "I Hate Running Backwards is a never-ending adrenaline packed shoot'em down roguelite that puts the emphasis on destruction and fighting never ending waves of enemies while time traveling through procedurally generated worlds!", 'price': 32500, 'discount': 0}, {'game_id': 1931730, 'name': 'Fort Solis', 'short_desc': 'Answer the call from a mining base on Mars as engineer Jack Leary and search for the missing crew. Fort Solis will immerse you with cinematic visuals powered by UE 5 and voice acting of Roger Clark and Troy Baker. Explore the mining complex and reach climax of this narrative thriller experience.', 'price': 37300, 'discount': 55}, {'game_id': 1593500, 'name': 'God of War', 'short_desc': 'Багато років минуло з тих пір, як Кратос помстився богам Олімпу. І зараз він живе як людина в царстві богів і чудовиськ Півночі. Щоб вижити в цьому жорстокому й невблаганному світі, йому потрібно битися й навчати свого сина робити те саме.', 'price': 119900, 'discount': 0}]

data_changes=[]
2025-07-30 10:59:26,797 - application.subscribes_service - INFO - users_to_games={}
2025-07-30 10:59:26,801 - application.subscribes_service - INFO - UPSERT_GAMES_WISHLIST EXECUTED len(data) = 3
2025-07-30 10:59:26,801 - application.subscribes_service - INFO - UpsertWishlistGamesUseCase execute data = [{'game_id': 575820, 'name': 'I Hate Running Backwards', 'short_desc': "I Hate Running Backwards is a never-ending adrenaline packed shoot'em down roguelite that puts the emphasis on destruction and fighting never ending waves of enemies while time traveling through procedurally generated worlds!", 'price': 32500, 'discount': 0}, {'game_id': 1931730, 'name': 'Fort Solis', 'short_desc': 'Answer the call from a mining base on Mars as engineer Jack Leary and search for the missing crew. Fort Solis will immerse you with cinematic visuals powered by UE 5 and voice acting of Roger Clark and Troy Baker. Explore the mining complex and reach climax of this narrative thriller experience.', 'price': 37300, 'discount': 55}, {'game_id': 1593500, 'name': 'God of War', 'short_desc': 'Багато років минуло з тих пір, як Кратос помстився богам Олімпу. І зараз він живе як людина в царстві богів і чудовиськ Півночі. Щоб вижити в цьому жорстокому й невблаганному світі, йому потрібно битися й навчати свого сина робити те саме.', 'price': 119900, 'discount': 0}]
